#
# There is insufficient memory for the Java Runtime Environment to continue.
# Native memory allocation (malloc) failed to allocate 1364816 bytes for Chunk::new
# Possible reasons:
#   The system is out of physical RAM or swap space
#   In 32 bit mode, the process size limit was hit
# Possible solutions:
#   Reduce memory load on the system
#   Increase physical memory or swap space
#   Check if swap backing store is full
#   Use 64 bit Java on a 64 bit OS
#   Decrease Java heap size (-Xmx/-Xms)
#   Decrease number of Java threads
#   Decrease Java thread stack sizes (-Xss)
#   Set larger code cache with -XX:ReservedCodeCacheSize=
# This output file may be truncated or incomplete.
#
#  Out of Memory Error (allocation.cpp:390), pid=14212, tid=15672
#
# JRE version: Java(TM) SE Runtime Environment (8.0_60-b27) (build 1.8.0_60-b27)
# Java VM: Java HotSpot(TM) 64-Bit Server VM (25.60-b23 mixed mode windows-amd64 compressed oops)
# Failed to write core dump. Minidumps are not enabled by default on client versions of Windows
#

---------------  T H R E A D  ---------------

Current thread (0x000000001501b800):  JavaThread "C2 CompilerThread0" daemon [_thread_in_native, id=15672, stack(0x0000000016660000,0x0000000016760000)]

Stack: [0x0000000016660000,0x0000000016760000]
[error occurred during error reporting (printing stack bounds), id 0xc0000005]

Native frames: (J=compiled Java code, j=interpreted, Vv=VM code, C=native code)


Current CompileTask:
C2:  12613 1832   !   4       com.android.dx.cf.code.Ropper::processBlock (1101 bytes)


---------------  P R O C E S S  ---------------

Java Threads: ( => current thread )
  0x0000000016bbb000 JavaThread "pool-1-thread-4" [_thread_blocked, id=14260, stack(0x0000000017360000,0x0000000017460000)]
  0x0000000016bba000 JavaThread "pool-1-thread-3" [_thread_in_Java, id=15492, stack(0x0000000017260000,0x0000000017360000)]
  0x0000000016bb9000 JavaThread "pool-1-thread-2" [_thread_blocked, id=10336, stack(0x0000000017160000,0x0000000017260000)]
  0x0000000016bb6800 JavaThread "pool-2-thread-1" [_thread_blocked, id=15328, stack(0x0000000017060000,0x0000000017160000)]
  0x0000000016bb5800 JavaThread "pool-1-thread-1" [_thread_blocked, id=600, stack(0x0000000016f60000,0x0000000017060000)]
  0x0000000016976000 JavaThread "Service Thread" daemon [_thread_blocked, id=720, stack(0x0000000016d60000,0x0000000016e60000)]
  0x0000000015024000 JavaThread "C1 CompilerThread2" daemon [_thread_blocked, id=15160, stack(0x0000000016860000,0x0000000016960000)]
  0x0000000015021000 JavaThread "C2 CompilerThread1" daemon [_thread_in_native, id=10512, stack(0x0000000016760000,0x0000000016860000)]
=>0x000000001501b800 JavaThread "C2 CompilerThread0" daemon [_thread_in_native, id=15672, stack(0x0000000016660000,0x0000000016760000)]
  0x0000000015019800 JavaThread "Attach Listener" daemon [_thread_blocked, id=16180, stack(0x0000000016560000,0x0000000016660000)]
  0x0000000015018000 JavaThread "Signal Dispatcher" daemon [_thread_blocked, id=15276, stack(0x0000000016460000,0x0000000016560000)]
  0x0000000002946800 JavaThread "Finalizer" daemon [_thread_blocked, id=14672, stack(0x0000000016280000,0x0000000016380000)]
  0x000000000293e000 JavaThread "Reference Handler" daemon [_thread_blocked, id=15428, stack(0x0000000016180000,0x0000000016280000)]
  0x000000000284d800 JavaThread "main" [_thread_in_vm, id=4468, stack(0x0000000002680000,0x0000000002780000)]

Other Threads:
  0x0000000014fe7800 VMThread [stack: 0x0000000016080000,0x0000000016180000] [id=12080]
  0x000000001697a000 WatcherThread [stack: 0x0000000016e60000,0x0000000016f60000] [id=8536]

VM state:not at safepoint (normal execution)

VM Mutex/Monitor currently owned by a thread: None

Heap:
 PSYoungGen      total 35328K, used 33199K [0x00000000eab00000, 0x00000000efb00000, 0x0000000100000000)
  eden space 32768K, 93% used [0x00000000eab00000,0x00000000ec8eedb8,0x00000000ecb00000)
  from space 2560K, 99% used [0x00000000ecb00000,0x00000000ecd7d158,0x00000000ecd80000)
  to   space 8192K, 0% used [0x00000000ef300000,0x00000000ef300000,0x00000000efb00000)
 ParOldGen       total 44032K, used 13496K [0x00000000c0000000, 0x00000000c2b00000, 0x00000000eab00000)
  object space 44032K, 30% used [0x00000000c0000000,0x00000000c0d2e380,0x00000000c2b00000)
 Metaspace       used 6294K, capacity 7152K, committed 7296K, reserved 1056768K
  class space    used 603K, capacity 616K, committed 640K, reserved 1048576K

Card table byte_map: [0x0000000011d10000,0x0000000011f20000] byte_map_base: 0x0000000011710000

Marking Bits: (ParMarkBitMap*) 0x000000005b3fa5b0
 Begin Bits: [0x0000000012480000, 0x0000000013480000)
 End Bits:   [0x0000000013480000, 0x0000000014480000)

Polling page: 0x0000000000e50000

CodeCache: size=245760Kb used=8434Kb max_used=8434Kb free=237325Kb
 bounds [0x0000000002950000, 0x00000000031a0000, 0x0000000011950000]
 total_blobs=2086 nmethods=1816 adapters=182
 compilation: enabled

Compilation events (10 events):
Event: 12.587 Thread 0x0000000015024000 1852       2       java.util.concurrent.ThreadPoolExecutor::afterExecute (1 bytes)
Event: 12.587 Thread 0x0000000015024000 nmethod 1852 0x000000000317c590 code [0x000000000317c6e0, 0x000000000317c830]
Event: 12.587 Thread 0x0000000015024000 1853   !   2       java.util.concurrent.ThreadPoolExecutor::getTask (179 bytes)
Event: 12.588 Thread 0x0000000015024000 nmethod 1853 0x000000000314e4d0 code [0x000000000314e6a0, 0x000000000314ec58]
Event: 12.588 Thread 0x0000000015024000 1854       2       java.util.concurrent.locks.ReentrantLock::lockInterruptibly (9 bytes)
Event: 12.589 Thread 0x0000000015024000 nmethod 1854 0x000000000314ded0 code [0x000000000314e060, 0x000000000314e2f8]
Event: 12.595 Thread 0x0000000015024000 1855       1       com.android.dx.cf.direct.DirectClassFile$DcfTypeList::size (5 bytes)
Event: 12.595 Thread 0x0000000015024000 nmethod 1855 0x000000000317c2d0 code [0x000000000317c420, 0x000000000317c530]
Event: 12.595 Thread 0x0000000015024000 1856       1       com.android.dx.cf.attrib.AttInnerClasses::getInnerClasses (5 bytes)
Event: 12.595 Thread 0x0000000015024000 nmethod 1856 0x000000000317bfd0 code [0x000000000317c120, 0x000000000317c230]

GC Heap History (10 events):
Event: 0.817 GC heap before
{Heap before GC invocations=1 (full 0):
 PSYoungGen      total 18944K, used 16384K [0x00000000eab00000, 0x00000000ec000000, 0x0000000100000000)
  eden space 16384K, 100% used [0x00000000eab00000,0x00000000ebb00000,0x00000000ebb00000)
  from space 2560K, 0% used [0x00000000ebd80000,0x00000000ebd80000,0x00000000ec000000)
  to   space 2560K, 0% used [0x00000000ebb00000,0x00000000ebb00000,0x00000000ebd80000)
 ParOldGen       total 44032K, used 0K [0x00000000c0000000, 0x00000000c2b00000, 0x00000000eab00000)
  object space 44032K, 0% used [0x00000000c0000000,0x00000000c0000000,0x00000000c2b00000)
 Metaspace       used 5460K, capacity 6448K, committed 6528K, reserved 1056768K
  class space    used 597K, capacity 616K, committed 640K, reserved 1048576K
Event: 0.822 GC heap after
Heap after GC invocations=1 (full 0):
 PSYoungGen      total 18944K, used 2556K [0x00000000eab00000, 0x00000000ec000000, 0x0000000100000000)
  eden space 16384K, 0% used [0x00000000eab00000,0x00000000eab00000,0x00000000ebb00000)
  from space 2560K, 99% used [0x00000000ebb00000,0x00000000ebd7f120,0x00000000ebd80000)
  to   space 2560K, 0% used [0x00000000ebd80000,0x00000000ebd80000,0x00000000ec000000)
 ParOldGen       total 44032K, used 902K [0x00000000c0000000, 0x00000000c2b00000, 0x00000000eab00000)
  object space 44032K, 2% used [0x00000000c0000000,0x00000000c00e1a78,0x00000000c2b00000)
 Metaspace       used 5460K, capacity 6448K, committed 6528K, reserved 1056768K
  class space    used 597K, capacity 616K, committed 640K, reserved 1048576K
}
Event: 1.714 GC heap before
{Heap before GC invocations=2 (full 0):
 PSYoungGen      total 18944K, used 18940K [0x00000000eab00000, 0x00000000ec000000, 0x0000000100000000)
  eden space 16384K, 100% used [0x00000000eab00000,0x00000000ebb00000,0x00000000ebb00000)
  from space 2560K, 99% used [0x00000000ebb00000,0x00000000ebd7f120,0x00000000ebd80000)
  to   space 2560K, 0% used [0x00000000ebd80000,0x00000000ebd80000,0x00000000ec000000)
 ParOldGen       total 44032K, used 902K [0x00000000c0000000, 0x00000000c2b00000, 0x00000000eab00000)
  object space 44032K, 2% used [0x00000000c0000000,0x00000000c00e1a78,0x00000000c2b00000)
 Metaspace       used 5972K, capacity 6896K, committed 7040K, reserved 1056768K
  class space    used 602K, capacity 616K, committed 640K, reserved 1048576K
Event: 1.787 GC heap after
Heap after GC invocations=2 (full 0):
 PSYoungGen      total 18944K, used 2550K [0x00000000eab00000, 0x00000000ed000000, 0x0000000100000000)
  eden space 16384K, 0% used [0x00000000eab00000,0x00000000eab00000,0x00000000ebb00000)
  from space 2560K, 99% used [0x00000000ebd80000,0x00000000ebffd830,0x00000000ec000000)
  to   space 2560K, 0% used [0x00000000ebb00000,0x00000000ebb00000,0x00000000ebd80000)
 ParOldGen       total 44032K, used 2886K [0x00000000c0000000, 0x00000000c2b00000, 0x00000000eab00000)
  object space 44032K, 6% used [0x00000000c0000000,0x00000000c02d1b40,0x00000000c2b00000)
 Metaspace       used 5972K, capacity 6896K, committed 7040K, reserved 1056768K
  class space    used 602K, capacity 616K, committed 640K, reserved 1048576K
}
Event: 3.542 GC heap before
{Heap before GC invocations=3 (full 0):
 PSYoungGen      total 18944K, used 18934K [0x00000000eab00000, 0x00000000ed000000, 0x0000000100000000)
  eden space 16384K, 100% used [0x00000000eab00000,0x00000000ebb00000,0x00000000ebb00000)
  from space 2560K, 99% used [0x00000000ebd80000,0x00000000ebffd830,0x00000000ec000000)
  to   space 2560K, 0% used [0x00000000ebb00000,0x00000000ebb00000,0x00000000ebd80000)
 ParOldGen       total 44032K, used 2886K [0x00000000c0000000, 0x00000000c2b00000, 0x00000000eab00000)
  object space 44032K, 6% used [0x00000000c0000000,0x00000000c02d1b40,0x00000000c2b00000)
 Metaspace       used 6090K, capacity 6960K, committed 7040K, reserved 1056768K
  class space    used 602K, capacity 616K, committed 640K, reserved 1048576K
Event: 3.798 GC heap after
Heap after GC invocations=3 (full 0):
 PSYoungGen      total 18944K, used 2534K [0x00000000eab00000, 0x00000000ed000000, 0x0000000100000000)
  eden space 16384K, 0% used [0x00000000eab00000,0x00000000eab00000,0x00000000ebb00000)
  from space 2560K, 98% used [0x00000000ebb00000,0x00000000ebd79820,0x00000000ebd80000)
  to   space 2560K, 0% used [0x00000000ecd80000,0x00000000ecd80000,0x00000000ed000000)
 ParOldGen       total 44032K, used 5200K [0x00000000c0000000, 0x00000000c2b00000, 0x00000000eab00000)
  object space 44032K, 11% used [0x00000000c0000000,0x00000000c05143b0,0x00000000c2b00000)
 Metaspace       used 6090K, capacity 6960K, committed 7040K, reserved 1056768K
  class space    used 602K, capacity 616K, committed 640K, reserved 1048576K
}
Event: 6.247 GC heap before
{Heap before GC invocations=4 (full 0):
 PSYoungGen      total 18944K, used 18918K [0x00000000eab00000, 0x00000000ed000000, 0x0000000100000000)
  eden space 16384K, 100% used [0x00000000eab00000,0x00000000ebb00000,0x00000000ebb00000)
  from space 2560K, 98% used [0x00000000ebb00000,0x00000000ebd79820,0x00000000ebd80000)
  to   space 2560K, 0% used [0x00000000ecd80000,0x00000000ecd80000,0x00000000ed000000)
 ParOldGen       total 44032K, used 5200K [0x00000000c0000000, 0x00000000c2b00000, 0x00000000eab00000)
  object space 44032K, 11% used [0x00000000c0000000,0x00000000c05143b0,0x00000000c2b00000)
 Metaspace       used 6209K, capacity 7088K, committed 7296K, reserved 1056768K
  class space    used 602K, capacity 616K, committed 640K, reserved 1048576K
Event: 6.584 GC heap after
Heap after GC invocations=4 (full 0):
 PSYoungGen      total 35328K, used 2534K [0x00000000eab00000, 0x00000000ed000000, 0x0000000100000000)
  eden space 32768K, 0% used [0x00000000eab00000,0x00000000eab00000,0x00000000ecb00000)
  from space 2560K, 98% used [0x00000000ecd80000,0x00000000ecff9820,0x00000000ed000000)
  to   space 2560K, 0% used [0x00000000ecb00000,0x00000000ecb00000,0x00000000ecd80000)
 ParOldGen       total 44032K, used 8131K [0x00000000c0000000, 0x00000000c2b00000, 0x00000000eab00000)
  object space 44032K, 18% used [0x00000000c0000000,0x00000000c07f0c08,0x00000000c2b00000)
 Metaspace       used 6209K, capacity 7088K, committed 7296K, reserved 1056768K
  class space    used 602K, capacity 616K, committed 640K, reserved 1048576K
}
Event: 8.701 GC heap before
{Heap before GC invocations=5 (full 0):
 PSYoungGen      total 35328K, used 35302K [0x00000000eab00000, 0x00000000ed000000, 0x0000000100000000)
  eden space 32768K, 100% used [0x00000000eab00000,0x00000000ecb00000,0x00000000ecb00000)
  from space 2560K, 98% used [0x00000000ecd80000,0x00000000ecff9820,0x00000000ed000000)
  to   space 2560K, 0% used [0x00000000ecb00000,0x00000000ecb00000,0x00000000ecd80000)
 ParOldGen       total 44032K, used 8131K [0x00000000c0000000, 0x00000000c2b00000, 0x00000000eab00000)
  object space 44032K, 18% used [0x00000000c0000000,0x00000000c07f0c08,0x00000000c2b00000)
 Metaspace       used 6259K, capacity 7088K, committed 7296K, reserved 1056768K
  class space    used 602K, capacity 616K, committed 640K, reserved 1048576K
Event: 9.874 GC heap after
Heap after GC invocations=5 (full 0):
 PSYoungGen      total 35328K, used 2548K [0x00000000eab00000, 0x00000000efb00000, 0x0000000100000000)
  eden space 32768K, 0% used [0x00000000eab00000,0x00000000eab00000,0x00000000ecb00000)
  from space 2560K, 99% used [0x00000000ecb00000,0x00000000ecd7d158,0x00000000ecd80000)
  to   space 8192K, 0% used [0x00000000ef300000,0x00000000ef300000,0x00000000efb00000)
 ParOldGen       total 44032K, used 13496K [0x00000000c0000000, 0x00000000c2b00000, 0x00000000eab00000)
  object space 44032K, 30% used [0x00000000c0000000,0x00000000c0d2e380,0x00000000c2b00000)
 Metaspace       used 6259K, capacity 7088K, committed 7296K, reserved 1056768K
  class space    used 602K, capacity 616K, committed 640K, reserved 1048576K
}

Deoptimization events (10 events):
Event: 10.887 Thread 0x0000000016bb5800 Uncommon trap: reason=class_check action=maybe_recompile pc=0x00000000030f4b7c method=com.android.dx.cf.code.Ropper.processBlock(Lcom/android/dx/cf/code/ByteBlock;Lcom/android/dx/cf/code/Frame;[I)V @ 777
Event: 11.009 Thread 0x0000000016bba000 Uncommon trap: reason=class_check action=maybe_recompile pc=0x00000000030f4b7c method=com.android.dx.cf.code.Ropper.processBlock(Lcom/android/dx/cf/code/ByteBlock;Lcom/android/dx/cf/code/Frame;[I)V @ 777
Event: 11.012 Thread 0x0000000016bba000 Uncommon trap: reason=class_check action=maybe_recompile pc=0x00000000030f4b7c method=com.android.dx.cf.code.Ropper.processBlock(Lcom/android/dx/cf/code/ByteBlock;Lcom/android/dx/cf/code/Frame;[I)V @ 777
Event: 11.032 Thread 0x0000000016bba000 Uncommon trap: reason=unstable_if action=reinterpret pc=0x000000000303fea8 method=com.android.dx.rop.code.LocalVariableInfo.mergeStarts(ILcom/android/dx/rop/code/RegisterSpecSet;)Z @ 31
Event: 12.020 Thread 0x000000000284d800 Uncommon trap: reason=bimorphic action=maybe_recompile pc=0x0000000003161d50 method=com.android.dx.cf.code.BytecodeArray.parseInstruction(ILcom/android/dx/cf/code/BytecodeArray$Visitor;)I @ 1130
Event: 12.020 Thread 0x000000000284d800 Uncommon trap: reason=bimorphic action=maybe_recompile pc=0x00000000031618f4 method=com.android.dx.cf.code.BytecodeArray.parseInstruction(ILcom/android/dx/cf/code/BytecodeArray$Visitor;)I @ 971
Event: 12.020 Thread 0x000000000284d800 Uncommon trap: reason=bimorphic action=maybe_recompile pc=0x0000000003161980 method=com.android.dx.cf.code.BytecodeArray.parseInstruction(ILcom/android/dx/cf/code/BytecodeArray$Visitor;)I @ 987
Event: 12.020 Thread 0x000000000284d800 Uncommon trap: reason=bimorphic action=maybe_recompile pc=0x0000000003161868 method=com.android.dx.cf.code.BytecodeArray.parseInstruction(ILcom/android/dx/cf/code/BytecodeArray$Visitor;)I @ 955
Event: 12.020 Thread 0x000000000284d800 Uncommon trap: reason=bimorphic action=maybe_recompile pc=0x0000000003161868 method=com.android.dx.cf.code.BytecodeArray.parseInstruction(ILcom/android/dx/cf/code/BytecodeArray$Visitor;)I @ 955
Event: 12.021 Thread 0x000000000284d800 Uncommon trap: reason=class_check action=maybe_recompile pc=0x00000000030f4b7c method=com.android.dx.cf.code.Ropper.processBlock(Lcom/android/dx/cf/code/ByteBlock;Lcom/android/dx/cf/code/Frame;[I)V @ 777

Internal exceptions (2 events):
Event: 0.082 Thread 0x000000000284d800 Exception <a 'java/lang/NoSuchMethodError': Method sun.misc.Unsafe.defineClass(Ljava/lang/String;[BII)Ljava/lang/Class; name or signature does not match> (0x00000000eab0dd28) thrown at [C:\re\workspace\8-2-build-windows-amd64-cygwin\jdk8u60\4407\hotspot\srx›F‹Øµ?
Event: 0.082 Thread 0x000000000284d800 Exception <a 'java/lang/NoSuchMethodError': Method sun.misc.Unsafe.prefetchRead(Ljava/lang/Object;J)V name or signature does not match> (0x00000000eab0e010) thrown at [C:\re\workspace\8-2-build-windows-amd64-cygwin\jdk8u60\4407\hotspot\src\share\vm\prims\j

Events (10 events):
Event: 12.020 Thread 0x000000000284d800 DEOPT UNPACKING pc=0x000000000299582a sp=0x000000000277de48 mode 2
Event: 12.020 Thread 0x000000000284d800 Uncommon trap: trap_request=0xffffffc6 fr.pc=0x0000000003161868
Event: 12.020 Thread 0x000000000284d800 DEOPT PACKING pc=0x0000000003161868 sp=0x000000000277de80
Event: 12.020 Thread 0x000000000284d800 DEOPT UNPACKING pc=0x000000000299582a sp=0x000000000277de48 mode 2
Event: 12.020 Thread 0x000000000284d800 Uncommon trap: trap_request=0xffffffc6 fr.pc=0x0000000003161868
Event: 12.020 Thread 0x000000000284d800 DEOPT PACKING pc=0x0000000003161868 sp=0x000000000277de80
Event: 12.020 Thread 0x000000000284d800 DEOPT UNPACKING pc=0x000000000299582a sp=0x000000000277de48 mode 2
Event: 12.021 Thread 0x000000000284d800 Uncommon trap: trap_request=0xffffffde fr.pc=0x00000000030f4b7c
Event: 12.021 Thread 0x000000000284d800 DEOPT PACKING pc=0x00000000030f4b7c sp=0x000000000277e1a0
Event: 12.021 Thread 0x000000000284d800 DEOPT UNPACKING pc=0x000000000299582a sp=0x000000000277e168 mode 2


Dynamic libraries:
0x00007ff7567f0000 - 0x00007ff756827000 	C:\Program Files\Java\jdk1.8.0_60\bin\java.exe
0x00007ffbd1520000 - 0x00007ffbd16e1000 	C:\WINDOWS\SYSTEM32\ntdll.dll
0x00007ffbd1150000 - 0x00007ffbd11fd000 	C:\WINDOWS\system32\KERNEL32.DLL
0x00007ffbce840000 - 0x00007ffbcea1d000 	C:\WINDOWS\system32\KERNELBASE.dll
0x00007ffbd0d90000 - 0x00007ffbd0e36000 	C:\WINDOWS\system32\ADVAPI32.dll
0x00007ffbd1350000 - 0x00007ffbd13ed000 	C:\WINDOWS\system32\msvcrt.dll
0x00007ffbcec70000 - 0x00007ffbceccb000 	C:\WINDOWS\system32\sechost.dll
0x00007ffbd13f0000 - 0x00007ffbd1516000 	C:\WINDOWS\system32\RPCRT4.dll
0x00007ffbd0e40000 - 0x00007ffbd0f8e000 	C:\WINDOWS\system32\USER32.dll
0x00007ffbcf300000 - 0x00007ffbcf486000 	C:\WINDOWS\system32\GDI32.dll
0x00007ffbc1d70000 - 0x00007ffbc1fe4000 	C:\WINDOWS\WinSxS\amd64_microsoft.windows.common-controls_6595b64144ccf1df_6.0.10240.16384_none_f41f7b285750ef43\COMCTL32.dll
0x00007ffbd0aa0000 - 0x00007ffbd0ad6000 	C:\WINDOWS\system32\IMM32.DLL
0x00007ffbd0f90000 - 0x00007ffbd10ec000 	C:\WINDOWS\system32\MSCTF.dll
0x000000005a830000 - 0x000000005a902000 	C:\Program Files\Java\jdk1.8.0_60\jre\bin\msvcr100.dll
0x000000005abf0000 - 0x000000005b479000 	C:\Program Files\Java\jdk1.8.0_60\jre\bin\server\jvm.dll
0x00007ffbd0d80000 - 0x00007ffbd0d88000 	C:\WINDOWS\system32\PSAPI.DLL
0x00007ffbbe8a0000 - 0x00007ffbbe8a9000 	C:\WINDOWS\SYSTEM32\WSOCK32.dll
0x00007ffbd0ae0000 - 0x00007ffbd0b49000 	C:\WINDOWS\system32\WS2_32.dll
0x00007ffbcf1c0000 - 0x00007ffbcf1c8000 	C:\WINDOWS\system32\NSI.dll
0x00007ffbcc3e0000 - 0x00007ffbcc403000 	C:\WINDOWS\SYSTEM32\WINMM.dll
0x00007ffbc3160000 - 0x00007ffbc316a000 	C:\WINDOWS\SYSTEM32\VERSION.dll
0x00007ffbcc3b0000 - 0x00007ffbcc3dc000 	C:\WINDOWS\SYSTEM32\WINMMBASE.dll
0x00007ffbce790000 - 0x00007ffbce7d4000 	C:\WINDOWS\system32\cfgmgr32.dll
0x00007ffbcc8e0000 - 0x00007ffbcc907000 	C:\WINDOWS\SYSTEM32\DEVOBJ.dll
0x000000005bd30000 - 0x000000005bd3f000 	C:\Program Files\Java\jdk1.8.0_60\jre\bin\verify.dll
0x000000005bd00000 - 0x000000005bd29000 	C:\Program Files\Java\jdk1.8.0_60\jre\bin\java.dll
0x000000005bce0000 - 0x000000005bcf6000 	C:\Program Files\Java\jdk1.8.0_60\jre\bin\zip.dll
0x00007ffbcf570000 - 0x00007ffbd0a92000 	C:\WINDOWS\system32\SHELL32.dll
0x00007ffbce0b0000 - 0x00007ffbce6d8000 	C:\WINDOWS\system32\windows.storage.dll
0x00007ffbced90000 - 0x00007ffbcf00c000 	C:\WINDOWS\system32\combase.dll
0x00007ffbd10f0000 - 0x00007ffbd1141000 	C:\WINDOWS\system32\shlwapi.dll
0x00007ffbcdfe0000 - 0x00007ffbcdfef000 	C:\WINDOWS\system32\kernel.appcore.dll
0x00007ffbcdff0000 - 0x00007ffbce0a3000 	C:\WINDOWS\system32\shcore.dll
0x00007ffbcdf50000 - 0x00007ffbcdf9a000 	C:\WINDOWS\system32\powrprof.dll
0x00007ffbcdfa0000 - 0x00007ffbcdfb3000 	C:\WINDOWS\system32\profapi.dll

VM Arguments:
jvm_args: -Djava.awt.headless=true -Xmx1024M -Dfile.encoding=windows-1252 -Duser.country=US -Duser.language=en -Duser.variant 
java_command: com.android.dx.command.Main --dex --num-threads=4 --output C:\Users\Harry\Documents\GitHub\Sunshine\app\build\intermediates\pre-dexed\debug\com.android.support-appcompat-v7-23.1.1_2d8c1a5c4959e3e575bf34d2c8ab010897e86f30.jar C:\Users\Harry\Documents\GitHub\Sunshine\app\build\intermediates\exploded-aar\com.android.support\appcompat-v7\23.1.1\jars\classes.jar
java_class_path (initial): C:\Users\Harry\AppData\Local\Android\sdk\build-tools\23.0.2\lib\dx.jar
Launcher Type: SUN_STANDARD

Environment Variables:
PATH=C:\Program Files (x86)\Razer Chroma SDK\bin;C:\Program Files\Razer Chroma SDK\bin;C:\ProgramData\Oracle\Java\javapath;C:\Program Files (x86)\NVIDIA Corporation\PhysX\Common;C:\Program Files (x86)\Intel\iCLS Client\;C:\Program Files\Intel\iCLS Client\;C:\WINDOWS\system32;C:\WINDOWS;C:\WINDOWS\System32\Wbem;C:\WINDOWS\System32\WindowsPowerShell\v1.0\;C:\Program Files (x86)\Intel\OpenCL SDK\3.0\bin\x86;C:\Program Files (x86)\Intel\OpenCL SDK\3.0\bin\x64;C:\Program Files\Intel\Intel(R) Management Engine Components\DAL;C:\Program Files\Intel\Intel(R) Management Engine Components\IPT;C:\Program Files (x86)\Intel\Intel(R) Management Engine Components\DAL;C:\Program Files (x86)\Intel\Intel(R) Management Engine Components\IPT;C:\Program Files\Sony\VAIO Improvement;C:\Program Files (x86)\Sony\VAIO BIOS Data Transfer Utility\;C:\Program Files (x86)\Sony\VAIO Startup Setting Tool;C:\Program Files (x86)\Windows Live\Shared;C:\Program Files\Intel\WiFi\bin\;C:\Program Files\Common Files\Intel\WirelessCommon\;C:\Program Files (x86)\PharosSystems\Core;c:\Program Files (x86)\Microsoft SQL Server\110\Tools\Binn\;c:\Program Files\Microsoft SQL Server\110\Tools\Binn\;c:\Program Files\Microsoft SQL Server\110\DTS\Binn\;C:\Program Files\nodejs\;C:\Program Files\Microsoft SQL Server\120\Tools\Binn\;C:\Program Files (x86)\Windows Kits\10\Windows Performance Toolkit\;C:\Program Files (x86)\Skype\Phone\;C:\Users\Harry\AppData\Roaming\npm;C:\Program Files\Intel\WiFi\bin\;C:\Program Files\Common Files\Intel\WirelessCommon\;C:\Users\Harry\AppData\Roaming\npm
USERNAME=Harry
OS=Windows_NT
PROCESSOR_IDENTIFIER=Intel64 Family 6 Model 69 Stepping 1, GenuineIntel



---------------  S Y S T E M  ---------------

OS: Windows 10.0 , 64 bit Build 10240 (10.0.10240.16384)

CPU:total 4 (2 cores per cpu, 2 threads per core) family 6 model 69 stepping 1, cmov, cx8, fxsr, mmx, sse, sse2, sse3, ssse3, sse4.1, sse4.2, popcnt, avx, avx2, aes, clmul, erms, lzcnt, ht, tsc, tscinvbit, bmi1, bmi2

Memory: 4k page, physical 4098948k(331448k free), swap 8270264k(6068k free)

vm_info: Java HotSpot(TM) 64-Bit Server VM (25.60-b23) for windows-amd64 JRE (1.8.0_60-b27), built on Aug  4 2015 11:06:27 by "java_re" with MS VC++ 10.0 (VS2010)

time: Mon Feb 08 13:32:37 2016
elapsed time: 12 seconds (0d 0h 0m 12s)

