#
# There is insufficient memory for the Java Runtime Environment to continue.
# Native memory allocation (malloc) failed to allocate 2427056 bytes for Chunk::new
# Possible reasons:
#   The system is out of physical RAM or swap space
#   In 32 bit mode, the process size limit was hit
# Possible solutions:
#   Reduce memory load on the system
#   Increase physical memory or swap space
#   Check if swap backing store is full
#   Use 64 bit Java on a 64 bit OS
#   Decrease Java heap size (-Xmx/-Xms)
#   Decrease number of Java threads
#   Decrease Java thread stack sizes (-Xss)
#   Set larger code cache with -XX:ReservedCodeCacheSize=
# This output file may be truncated or incomplete.
#
#  Out of Memory Error (allocation.cpp:390), pid=9348, tid=15408
#
# JRE version: Java(TM) SE Runtime Environment (8.0_60-b27) (build 1.8.0_60-b27)
# Java VM: Java HotSpot(TM) 64-Bit Server VM (25.60-b23 mixed mode windows-amd64 compressed oops)
# Failed to write core dump. Minidumps are not enabled by default on client versions of Windows
#

---------------  T H R E A D  ---------------

Current thread (0x0000000015132000):  JavaThread "C2 CompilerThread1" daemon [_thread_in_native, id=15408, stack(0x0000000016870000,0x0000000016970000)]

Stack: [0x0000000016870000,0x0000000016970000]
[error occurred during error reporting (printing stack bounds), id 0xc0000005]

Native frames: (J=compiled Java code, j=interpreted, Vv=VM code, C=native code)


Current CompileTask:
C2:   7861 1854   !   4       com.android.dx.cf.cst.ConstantPoolParser::parse0 (731 bytes)


---------------  P R O C E S S  ---------------

Java Threads: ( => current thread )
  0x0000000016a77000 JavaThread "Service Thread" daemon [_thread_blocked, id=12516, stack(0x0000000016e70000,0x0000000016f70000)]
  0x000000001518a800 JavaThread "C1 CompilerThread2" daemon [_thread_blocked, id=15936, stack(0x0000000016970000,0x0000000016a70000)]
=>0x0000000015132000 JavaThread "C2 CompilerThread1" daemon [_thread_in_native, id=15408, stack(0x0000000016870000,0x0000000016970000)]
  0x000000001512e000 JavaThread "C2 CompilerThread0" daemon [_thread_in_native, id=14244, stack(0x0000000016770000,0x0000000016870000)]
  0x000000001512c000 JavaThread "Attach Listener" daemon [_thread_blocked, id=16172, stack(0x0000000016670000,0x0000000016770000)]
  0x000000001512b800 JavaThread "Signal Dispatcher" daemon [_thread_blocked, id=5024, stack(0x0000000016570000,0x0000000016670000)]
  0x0000000002a51000 JavaThread "Finalizer" daemon [_thread_blocked, id=15084, stack(0x0000000016390000,0x0000000016490000)]
  0x0000000002a4e000 JavaThread "Reference Handler" daemon [_thread_blocked, id=13496, stack(0x0000000016290000,0x0000000016390000)]
  0x00000000027fd800 JavaThread "main" [_thread_in_Java, id=14132, stack(0x0000000002800000,0x0000000002900000)]

Other Threads:
  0x00000000150f7800 VMThread [stack: 0x0000000016190000,0x0000000016290000] [id=11236]
  0x0000000016a7a800 WatcherThread [stack: 0x0000000016f70000,0x0000000017070000] [id=7288]

VM state:not at safepoint (normal execution)

VM Mutex/Monitor currently owned by a thread: None

Heap:
 PSYoungGen      total 73216K, used 11511K [0x00000000eab00000, 0x00000000f4300000, 0x0000000100000000)
  eden space 64512K, 4% used [0x00000000eab00000,0x00000000eadc3d58,0x00000000eea00000)
  from space 8704K, 99% used [0x00000000eea00000,0x00000000ef27a1b0,0x00000000ef280000)
  to   space 13312K, 0% used [0x00000000f3600000,0x00000000f3600000,0x00000000f4300000)
 ParOldGen       total 44032K, used 20973K [0x00000000c0000000, 0x00000000c2b00000, 0x00000000eab00000)
  object space 44032K, 47% used [0x00000000c0000000,0x00000000c147b428,0x00000000c2b00000)
 Metaspace       used 6435K, capacity 7192K, committed 7424K, reserved 1056768K
  class space    used 629K, capacity 656K, committed 768K, reserved 1048576K

Card table byte_map: [0x0000000011e20000,0x0000000012030000] byte_map_base: 0x0000000011820000

Marking Bits: (ParMarkBitMap*) 0x000000005b3fa5b0
 Begin Bits: [0x0000000012590000, 0x0000000013590000)
 End Bits:   [0x0000000013590000, 0x0000000014590000)

Polling page: 0x0000000000d30000

CodeCache: size=245760Kb used=8070Kb max_used=8070Kb free=237689Kb
 bounds [0x0000000002a60000, 0x0000000003250000, 0x0000000011a60000]
 total_blobs=2112 nmethods=1842 adapters=182
 compilation: enabled

Compilation events (10 events):
Event: 7.747 Thread 0x000000001518a800 1936 %     3       com.android.dx.dex.code.StdCatchBuilder::hasAnyCatches @ 15 (57 bytes)
Event: 7.748 Thread 0x000000001518a800 nmethod 1936% 0x00000000032411d0 code [0x00000000032413c0, 0x0000000003242138]
Event: 7.748 Thread 0x000000001518a800 1937       3       com.android.dx.dex.code.StdCatchBuilder::hasAnyCatches (57 bytes)
Event: 7.748 Thread 0x000000001518a800 nmethod 1937 0x00000000032426d0 code [0x00000000032428c0, 0x00000000032435f8]
Event: 7.807 Thread 0x000000001518a800 1939 %     3       com.android.dx.dex.file.CodeItem::addContents @ 142 (174 bytes)
Event: 7.809 Thread 0x000000001518a800 nmethod 1939% 0x0000000003243b50 code [0x0000000003243e60, 0x0000000003245868]
Event: 7.851 Thread 0x000000001518a800 1940       2       com.android.dx.dex.file.OffsettedItem::equals (45 bytes)
Event: 7.851 Thread 0x000000001518a800 nmethod 1940 0x0000000003246390 code [0x0000000003246520, 0x0000000003246788]
Event: 7.856 Thread 0x000000001518a800 1941       2       com.android.dx.dex.file.AnnotationItem::hashCode (8 bytes)
Event: 7.856 Thread 0x000000001518a800 nmethod 1941 0x0000000003246890 code [0x0000000003246a00, 0x0000000003246b68]

GC Heap History (10 events):
Event: 4.108 GC heap before
{Heap before GC invocations=3 (full 0):
 PSYoungGen      total 18944K, used 18919K [0x00000000eab00000, 0x00000000ed000000, 0x0000000100000000)
  eden space 16384K, 100% used [0x00000000eab00000,0x00000000ebb00000,0x00000000ebb00000)
  from space 2560K, 99% used [0x00000000ebd80000,0x00000000ebff9c68,0x00000000ec000000)
  to   space 2560K, 0% used [0x00000000ebb00000,0x00000000ebb00000,0x00000000ebd80000)
 ParOldGen       total 44032K, used 3857K [0x00000000c0000000, 0x00000000c2b00000, 0x00000000eab00000)
  object space 44032K, 8% used [0x00000000c0000000,0x00000000c03c4508,0x00000000c2b00000)
 Metaspace       used 6088K, capacity 7024K, committed 7296K, reserved 1056768K
  class space    used 599K, capacity 616K, committed 640K, reserved 1048576K
Event: 4.237 GC heap after
Heap after GC invocations=3 (full 0):
 PSYoungGen      total 18944K, used 2528K [0x00000000eab00000, 0x00000000ed000000, 0x0000000100000000)
  eden space 16384K, 0% used [0x00000000eab00000,0x00000000eab00000,0x00000000ebb00000)
  from space 2560K, 98% used [0x00000000ebb00000,0x00000000ebd78158,0x00000000ebd80000)
  to   space 2560K, 0% used [0x00000000ecd80000,0x00000000ecd80000,0x00000000ed000000)
 ParOldGen       total 44032K, used 6491K [0x00000000c0000000, 0x00000000c2b00000, 0x00000000eab00000)
  object space 44032K, 14% used [0x00000000c0000000,0x00000000c0656fd8,0x00000000c2b00000)
 Metaspace       used 6088K, capacity 7024K, committed 7296K, reserved 1056768K
  class space    used 599K, capacity 616K, committed 640K, reserved 1048576K
}
Event: 4.417 GC heap before
{Heap before GC invocations=4 (full 0):
 PSYoungGen      total 18944K, used 18912K [0x00000000eab00000, 0x00000000ed000000, 0x0000000100000000)
  eden space 16384K, 100% used [0x00000000eab00000,0x00000000ebb00000,0x00000000ebb00000)
  from space 2560K, 98% used [0x00000000ebb00000,0x00000000ebd78158,0x00000000ebd80000)
  to   space 2560K, 0% used [0x00000000ecd80000,0x00000000ecd80000,0x00000000ed000000)
 ParOldGen       total 44032K, used 6491K [0x00000000c0000000, 0x00000000c2b00000, 0x00000000eab00000)
  object space 44032K, 14% used [0x00000000c0000000,0x00000000c0656fd8,0x00000000c2b00000)
 Metaspace       used 6214K, capacity 7064K, committed 7424K, reserved 1056768K
  class space    used 621K, capacity 656K, committed 768K, reserved 1048576K
Event: 4.608 GC heap after
Heap after GC invocations=4 (full 0):
 PSYoungGen      total 35328K, used 2543K [0x00000000eab00000, 0x00000000ed000000, 0x0000000100000000)
  eden space 32768K, 0% used [0x00000000eab00000,0x00000000eab00000,0x00000000ecb00000)
  from space 2560K, 99% used [0x00000000ecd80000,0x00000000ecffbd30,0x00000000ed000000)
  to   space 2560K, 0% used [0x00000000ecb00000,0x00000000ecb00000,0x00000000ecd80000)
 ParOldGen       total 44032K, used 9098K [0x00000000c0000000, 0x00000000c2b00000, 0x00000000eab00000)
  object space 44032K, 20% used [0x00000000c0000000,0x00000000c08e2800,0x00000000c2b00000)
 Metaspace       used 6214K, capacity 7064K, committed 7424K, reserved 1056768K
  class space    used 621K, capacity 656K, committed 768K, reserved 1048576K
}
Event: 5.791 GC heap before
{Heap before GC invocations=5 (full 0):
 PSYoungGen      total 35328K, used 35311K [0x00000000eab00000, 0x00000000ed000000, 0x0000000100000000)
  eden space 32768K, 100% used [0x00000000eab00000,0x00000000ecb00000,0x00000000ecb00000)
  from space 2560K, 99% used [0x00000000ecd80000,0x00000000ecffbd30,0x00000000ed000000)
  to   space 2560K, 0% used [0x00000000ecb00000,0x00000000ecb00000,0x00000000ecd80000)
 ParOldGen       total 44032K, used 9098K [0x00000000c0000000, 0x00000000c2b00000, 0x00000000eab00000)
  object space 44032K, 20% used [0x00000000c0000000,0x00000000c08e2800,0x00000000c2b00000)
 Metaspace       used 6300K, capacity 7128K, committed 7424K, reserved 1056768K
  class space    used 624K, capacity 656K, committed 768K, reserved 1048576K
Event: 5.845 GC heap after
Heap after GC invocations=5 (full 0):
 PSYoungGen      total 35328K, used 2549K [0x00000000eab00000, 0x00000000efa00000, 0x0000000100000000)
  eden space 32768K, 0% used [0x00000000eab00000,0x00000000eab00000,0x00000000ecb00000)
  from space 2560K, 99% used [0x00000000ecb00000,0x00000000ecd7d420,0x00000000ecd80000)
  to   space 7680K, 0% used [0x00000000ef280000,0x00000000ef280000,0x00000000efa00000)
 ParOldGen       total 44032K, used 13996K [0x00000000c0000000, 0x00000000c2b00000, 0x00000000eab00000)
  object space 44032K, 31% used [0x00000000c0000000,0x00000000c0dab1a8,0x00000000c2b00000)
 Metaspace       used 6300K, capacity 7128K, committed 7424K, reserved 1056768K
  class space    used 624K, capacity 656K, committed 768K, reserved 1048576K
}
Event: 6.088 GC heap before
{Heap before GC invocations=6 (full 0):
 PSYoungGen      total 35328K, used 35317K [0x00000000eab00000, 0x00000000efa00000, 0x0000000100000000)
  eden space 32768K, 100% used [0x00000000eab00000,0x00000000ecb00000,0x00000000ecb00000)
  from space 2560K, 99% used [0x00000000ecb00000,0x00000000ecd7d420,0x00000000ecd80000)
  to   space 7680K, 0% used [0x00000000ef280000,0x00000000ef280000,0x00000000efa00000)
 ParOldGen       total 44032K, used 13996K [0x00000000c0000000, 0x00000000c2b00000, 0x00000000eab00000)
  object space 44032K, 31% used [0x00000000c0000000,0x00000000c0dab1a8,0x00000000c2b00000)
 Metaspace       used 6316K, capacity 7128K, committed 7424K, reserved 1056768K
  class space    used 624K, capacity 656K, committed 768K, reserved 1048576K
Event: 6.117 GC heap after
Heap after GC invocations=6 (full 0):
 PSYoungGen      total 72192K, used 7655K [0x00000000eab00000, 0x00000000efc00000, 0x0000000100000000)
  eden space 64512K, 0% used [0x00000000eab00000,0x00000000eab00000,0x00000000eea00000)
  from space 7680K, 99% used [0x00000000ef280000,0x00000000ef9f9c30,0x00000000efa00000)
  to   space 8704K, 0% used [0x00000000eea00000,0x00000000eea00000,0x00000000ef280000)
 ParOldGen       total 44032K, used 14030K [0x00000000c0000000, 0x00000000c2b00000, 0x00000000eab00000)
  object space 44032K, 31% used [0x00000000c0000000,0x00000000c0db3938,0x00000000c2b00000)
 Metaspace       used 6316K, capacity 7128K, committed 7424K, reserved 1056768K
  class space    used 624K, capacity 656K, committed 768K, reserved 1048576K
}
Event: 7.418 GC heap before
{Heap before GC invocations=7 (full 0):
 PSYoungGen      total 72192K, used 72167K [0x00000000eab00000, 0x00000000efc00000, 0x0000000100000000)
  eden space 64512K, 100% used [0x00000000eab00000,0x00000000eea00000,0x00000000eea00000)
  from space 7680K, 99% used [0x00000000ef280000,0x00000000ef9f9c30,0x00000000efa00000)
  to   space 8704K, 0% used [0x00000000eea00000,0x00000000eea00000,0x00000000ef280000)
 ParOldGen       total 44032K, used 14030K [0x00000000c0000000, 0x00000000c2b00000, 0x00000000eab00000)
  object space 44032K, 31% used [0x00000000c0000000,0x00000000c0db3938,0x00000000c2b00000)
 Metaspace       used 6364K, capacity 7192K, committed 7424K, reserved 1056768K
  class space    used 625K, capacity 656K, committed 768K, reserved 1048576K
Event: 7.534 GC heap after
Heap after GC invocations=7 (full 0):
 PSYoungGen      total 73216K, used 8680K [0x00000000eab00000, 0x00000000f4300000, 0x0000000100000000)
  eden space 64512K, 0% used [0x00000000eab00000,0x00000000eab00000,0x00000000eea00000)
  from space 8704K, 99% used [0x00000000eea00000,0x00000000ef27a1b0,0x00000000ef280000)
  to   space 13312K, 0% used [0x00000000f3600000,0x00000000f3600000,0x00000000f4300000)
 ParOldGen       total 44032K, used 20973K [0x00000000c0000000, 0x00000000c2b00000, 0x00000000eab00000)
  object space 44032K, 47% used [0x00000000c0000000,0x00000000c147b428,0x00000000c2b00000)
 Metaspace       used 6364K, capacity 7192K, committed 7424K, reserved 1056768K
  class space    used 625K, capacity 656K, committed 768K, reserved 1048576K
}

Deoptimization events (10 events):
Event: 6.132 Thread 0x0000000016ce3800 Uncommon trap: reason=bimorphic action=maybe_recompile pc=0x00000000031311b0 method=com.android.dx.ssa.LiteralOpUpgrader.tryReplacingWithConstant(Lcom/android/dx/ssa/NormalSsaInsn;)Z @ 52
Event: 6.171 Thread 0x0000000016ce2800 Uncommon trap: reason=class_check action=maybe_recompile pc=0x000000000303eef0 method=com.android.dx.rop.code.RegisterSpec.withSimpleType()Lcom/android/dx/rop/code/RegisterSpec; @ 21
Event: 6.171 Thread 0x0000000016ce2800 Uncommon trap: reason=class_check action=maybe_recompile pc=0x000000000303eef0 method=com.android.dx.rop.code.RegisterSpec.withSimpleType()Lcom/android/dx/rop/code/RegisterSpec; @ 21
Event: 6.882 Thread 0x0000000016cfa800 Uncommon trap: reason=unstable_if action=reinterpret pc=0x000000000303eeac method=com.android.dx.ssa.LocalVariableExtractor.processBlock(I)V @ 251
Event: 7.017 Thread 0x0000000016ce6800 Uncommon trap: reason=unstable_if action=reinterpret pc=0x00000000031b1c78 method=com.android.dx.rop.code.LocalVariableInfo.mergeStarts(ILcom/android/dx/rop/code/RegisterSpecSet;)Z @ 31
Event: 7.548 Thread 0x00000000027fd800 Uncommon trap: reason=class_check action=maybe_recompile pc=0x0000000002ed0308 method=java.util.Arrays.hashCode([Ljava/lang/Object;)I @ 43
Event: 7.548 Thread 0x00000000027fd800 Uncommon trap: reason=class_check action=maybe_recompile pc=0x0000000002ed0308 method=java.util.Arrays.hashCode([Ljava/lang/Object;)I @ 43
Event: 7.548 Thread 0x00000000027fd800 Uncommon trap: reason=class_check action=maybe_recompile pc=0x0000000002ed0308 method=java.util.Arrays.hashCode([Ljava/lang/Object;)I @ 43
Event: 7.548 Thread 0x00000000027fd800 Uncommon trap: reason=class_check action=maybe_recompile pc=0x0000000002ed0308 method=java.util.Arrays.hashCode([Ljava/lang/Object;)I @ 43
Event: 7.549 Thread 0x00000000027fd800 Uncommon trap: reason=class_check action=maybe_recompile pc=0x0000000002ed2468 method=java.util.Arrays.hashCode([Ljava/lang/Object;)I @ 43

Internal exceptions (7 events):
Event: 0.097 Thread 0x00000000027fd800 Exception <a 'java/lang/NoSuchMethodError': Method sun.misc.Unsafe.defineClass(Ljava/lang/String;[BII)Ljava/lang/Class; name or signature does not match> (0x00000000eab0da40) thrown at [C:\re\workspace\8-2-build-windows-amd64-cygwin\jdk8u60\4407\hotspot\srµÁ?Þáé¸?
Event: 0.097 Thread 0x00000000027fd800 Exception <a 'java/lang/NoSuchMethodError': Method sun.misc.Unsafe.prefetchRead(Ljava/lang/Object;J)V name or signature does not match> (0x00000000eab0dd28) thrown at [C:\re\workspace\8-2-build-windows-amd64-cygwin\jdk8u60\4407\hotspot\src\share\vm\prims\jÃ7Êßk}ÿ?
Event: 1.968 Thread 0x0000000016ce3800 Implicit null exception at 0x0000000002d62222 to 0x0000000002d6231a
Event: 4.239 Thread 0x0000000016ce3800 Implicit null exception at 0x0000000002d05ff1 to 0x0000000002d07afd
Event: 4.389 Thread 0x0000000016cfa800 Exception <a 'java/lang/ArrayIndexOutOfBoundsException': 18> (0x00000000eb6e5468) thrown at [C:\re\workspace\8-2-build-windows-amd64-cygwin\jdk8u60\4407\hotspot\src\share\vm\interpreter\interpreterRuntime.cpp, line 366]
Event: 4.389 Thread 0x0000000016cfa800 Exception <a 'java/lang/ArrayIndexOutOfBoundsException': 145> (0x00000000eb6e6fe8) thrown at [C:\re\workspace\8-2-build-windows-amd64-cygwin\jdk8u60\4407\hotspot\src\share\vm\interpreter\interpreterRuntime.cpp, line 366]
Event: 4.392 Thread 0x0000000016cfa800 Exception <a 'java/lang/ArrayIndexOutOfBoundsException'> (0x00000000eb6e82d0) thrown at [C:\re\workspace\8-2-build-windows-amd64-cygwin\jdk8u60\4407\hotspot\src\share\vm\runtime\sharedRuntime.cpp, line 605]

Events (10 events):
Event: 7.550 loading class com/android/dx/rop/cst/Zeroes
Event: 7.550 loading class com/android/dx/rop/cst/Zeroes done
Event: 7.586 loading class com/android/dx/dex/file/CatchStructs
Event: 7.586 loading class com/android/dx/dex/file/CatchStructs done
Event: 7.598 Thread 0x00000000027fd800 DEOPT PACKING pc=0x0000000003239554 sp=0x00000000028fed70
Event: 7.598 Thread 0x00000000027fd800 DEOPT UNPACKING pc=0x0000000002aa787f sp=0x00000000028feb00 mode 0
Event: 7.606 Thread 0x00000000027fd800 DEOPT PACKING pc=0x0000000003237435 sp=0x00000000028fecf0
Event: 7.606 Thread 0x00000000027fd800 DEOPT UNPACKING pc=0x0000000002aa787f sp=0x00000000028fea38 mode 0
Event: 7.748 Thread 0x00000000027fd800 DEOPT PACKING pc=0x0000000003239cc4 sp=0x00000000028feda0
Event: 7.748 Thread 0x00000000027fd800 DEOPT UNPACKING pc=0x0000000002aa787f sp=0x00000000028feaf0 mode 0


Dynamic libraries:
0x00007ff7567f0000 - 0x00007ff756827000 	C:\Program Files\Java\jdk1.8.0_60\bin\java.exe
0x00007ffbd1520000 - 0x00007ffbd16e1000 	C:\WINDOWS\SYSTEM32\ntdll.dll
0x00007ffbd1150000 - 0x00007ffbd11fd000 	C:\WINDOWS\system32\KERNEL32.DLL
0x00007ffbce840000 - 0x00007ffbcea1d000 	C:\WINDOWS\system32\KERNELBASE.dll
0x00007ffbd0d90000 - 0x00007ffbd0e36000 	C:\WINDOWS\system32\ADVAPI32.dll
0x00007ffbd1350000 - 0x00007ffbd13ed000 	C:\WINDOWS\system32\msvcrt.dll
0x00007ffbcec70000 - 0x00007ffbceccb000 	C:\WINDOWS\system32\sechost.dll
0x00007ffbd13f0000 - 0x00007ffbd1516000 	C:\WINDOWS\system32\RPCRT4.dll
0x00007ffbd0e40000 - 0x00007ffbd0f8e000 	C:\WINDOWS\system32\USER32.dll
0x00007ffbcf300000 - 0x00007ffbcf486000 	C:\WINDOWS\system32\GDI32.dll
0x00007ffbc1d70000 - 0x00007ffbc1fe4000 	C:\WINDOWS\WinSxS\amd64_microsoft.windows.common-controls_6595b64144ccf1df_6.0.10240.16384_none_f41f7b285750ef43\COMCTL32.dll
0x00007ffbd0aa0000 - 0x00007ffbd0ad6000 	C:\WINDOWS\system32\IMM32.DLL
0x00007ffbd0f90000 - 0x00007ffbd10ec000 	C:\WINDOWS\system32\MSCTF.dll
0x000000005a830000 - 0x000000005a902000 	C:\Program Files\Java\jdk1.8.0_60\jre\bin\msvcr100.dll
0x000000005abf0000 - 0x000000005b479000 	C:\Program Files\Java\jdk1.8.0_60\jre\bin\server\jvm.dll
0x00007ffbd0d80000 - 0x00007ffbd0d88000 	C:\WINDOWS\system32\PSAPI.DLL
0x00007ffbcc3e0000 - 0x00007ffbcc403000 	C:\WINDOWS\SYSTEM32\WINMM.dll
0x00007ffbbe8a0000 - 0x00007ffbbe8a9000 	C:\WINDOWS\SYSTEM32\WSOCK32.dll
0x00007ffbc3160000 - 0x00007ffbc316a000 	C:\WINDOWS\SYSTEM32\VERSION.dll
0x00007ffbd0ae0000 - 0x00007ffbd0b49000 	C:\WINDOWS\system32\WS2_32.dll
0x00007ffbcc3b0000 - 0x00007ffbcc3dc000 	C:\WINDOWS\SYSTEM32\WINMMBASE.dll
0x00007ffbce790000 - 0x00007ffbce7d4000 	C:\WINDOWS\system32\KERNELBASE.dll
0x00007ffbcf1c0000 - 0x00007ffbcf1c8000 	C:\WINDOWS\system32\sechost.dll
0x00007ffbcc8e0000 - 0x00007ffbcc907000 	C:\WINDOWS\system32\GDI32.dll
0x000000005bd30000 - 0x000000005bd3f000 	C:\WINDOWS\system32\MSCTF.dll
0x000000005bd00000 - 0x000000005bd29000 	C:\Program Files\Java\jdk1.8.0_60\jre\bin\server\jvm.dll
0x000000005bce0000 - 0x000000005bcf6000 	C:\Program Files\Java\jdk1.8.0_60\jre\bin\zip.dll
0x00007ffbcf570000 - 0x00007ffbd0a92000 	C:\WINDOWS\system32\SHELL32.dll
0x00007ffbce0b0000 - 0x00007ffbce6d8000 	C:\WINDOWS\system32\windows.storage.dll
0x00007ffbced90000 - 0x00007ffbcf00c000 	C:\WINDOWS\system32\combase.dll
0x00007ffbd10f0000 - 0x00007ffbd1141000 	C:\WINDOWS\system32\shlwapi.dll
0x00007ffbcdfe0000 - 0x00007ffbcdfef000 	C:\WINDOWS\system32\kernel.appcore.dll
0x00007ffbcdff0000 - 0x00007ffbce0a3000 	C:\WINDOWS\system32\shcore.dll
0x00007ffbcdf50000 - 0x00007ffbcdf9a000 	C:\WINDOWS\system32\powrprof.dll
0x00007ffbcdfa0000 - 0x00007ffbcdfb3000 	C:\WINDOWS\SYSTEM32\VERSION.dll

VM Arguments:
jvm_args: -Djava.awt.headless=true -Xmx1024M -Dfile.encoding=windows-1252 -Duser.country=US -Duser.language=en -Duser.variant 
java_command: com.android.dx.command.Main --dex --num-threads=4 --output C:\Users\Harry\Documents\GitHub\Sunshine\app\build\intermediates\pre-dexed\debug\com.android.support-recyclerview-v7-23.1.1_641fb5718b979202ee57fff2348f61c3518ad7f4.jar C:\Users\Harry\Documents\GitHub\Sunshine\app\build\intermediates\exploded-aar\com.android.support\recyclerview-v7\23.1.1\jars\classes.jar
java_class_path (initial): C:\Users\Harry\AppData\Local\Android\sdk\build-tools\23.0.2\lib\dx.jar
Launcher Type: SUN_STANDARD

Environment Variables:
PATH=C:\Program Files (x86)\Razer Chroma SDK\bin;C:\Program Files\Razer Chroma SDK\bin;C:\ProgramData\Oracle\Java\javapath;C:\Program Files (x86)\NVIDIA Corporation\PhysX\Common;C:\Program Files (x86)\Intel\iCLS Client\;C:\Program Files\Intel\iCLS Client\;C:\WINDOWS\system32;C:\WINDOWS;C:\WINDOWS\System32\Wbem;C:\WINDOWS\System32\WindowsPowerShell\v1.0\;C:\Program Files (x86)\Intel\OpenCL SDK\3.0\bin\x86;C:\Program Files (x86)\Intel\OpenCL SDK\3.0\bin\x64;C:\Program Files\Intel\Intel(R) Management Engine Components\DAL;C:\Program Files\Intel\Intel(R) Management Engine Components\IPT;C:\Program Files (x86)\Intel\Intel(R) Management Engine Components\DAL;C:\Program Files (x86)\Intel\Intel(R) Management Engine Components\IPT;C:\Program Files\Sony\VAIO Improvement;C:\Program Files (x86)\Sony\VAIO BIOS Data Transfer Utility\;C:\Program Files (x86)\Sony\VAIO Startup Setting Tool;C:\Program Files (x86)\Windows Live\Shared;C:\Program Files\Intel\WiFi\bin\;C:\Program Files\Common Files\Intel\WirelessCommon\;C:\Program Files (x86)\PharosSystems\Core;c:\Program Files (x86)\Microsoft SQL Server\110\Tools\Binn\;c:\Program Files\Microsoft SQL Server\110\Tools\Binn\;c:\Program Files\Microsoft SQL Server\110\DTS\Binn\;C:\Program Files\nodejs\;C:\Program Files\Microsoft SQL Server\120\Tools\Binn\;C:\Program Files (x86)\Windows Kits\10\Windows Performance Toolkit\;C:\Program Files (x86)\Skype\Phone\;C:\Users\Harry\AppData\Roaming\npm;C:\Program Files\Intel\WiFi\bin\;C:\Program Files\Common Files\Intel\WirelessCommon\;C:\Users\Harry\AppData\Roaming\npm
USERNAME=Harry
OS=Windows_NT
PROCESSOR_IDENTIFIER=Intel64 Family 6 Model 69 Stepping 1, GenuineIntel



---------------  S Y S T E M  ---------------

OS: Windows 10.0 , 64 bit Build 10240 (10.0.10240.16384)

CPU:total 4 (2 cores per cpu, 2 threads per core) family 6 model 69 stepping 1, cmov, cx8, fxsr, mmx, sse, sse2, sse3, ssse3, sse4.1, sse4.2, popcnt, avx, avx2, aes, clmul, erms, lzcnt, ht, tsc, tscinvbit, bmi1, bmi2

Memory: 4k page, physical 4098948k(234112k free), swap 8270264k(4800k free)

vm_info: Java HotSpot(TM) 64-Bit Server VM (25.60-b23) for windows-amd64 JRE (1.8.0_60-b27), built on Aug  4 2015 11:06:27 by "java_re" with MS VC++ 10.0 (VS2010)

time: Mon Feb 08 13:33:11 2016
elapsed time: 7 seconds (0d 0h 0m 7s)

