#
# There is insufficient memory for the Java Runtime Environment to continue.
# Native memory allocation (malloc) failed to allocate 850576 bytes for Chunk::new
# Possible reasons:
#   The system is out of physical RAM or swap space
#   In 32 bit mode, the process size limit was hit
# Possible solutions:
#   Reduce memory load on the system
#   Increase physical memory or swap space
#   Check if swap backing store is full
#   Use 64 bit Java on a 64 bit OS
#   Decrease Java heap size (-Xmx/-Xms)
#   Decrease number of Java threads
#   Decrease Java thread stack sizes (-Xss)
#   Set larger code cache with -XX:ReservedCodeCacheSize=
# This output file may be truncated or incomplete.
#
#  Out of Memory Error (allocation.cpp:390), pid=12528, tid=1688
#
# JRE version: Java(TM) SE Runtime Environment (8.0_60-b27) (build 1.8.0_60-b27)
# Java VM: Java HotSpot(TM) 64-Bit Server VM (25.60-b23 mixed mode windows-amd64 compressed oops)
# Failed to write core dump. Minidumps are not enabled by default on client versions of Windows
#

---------------  T H R E A D  ---------------

Current thread (0x0000000015647000):  JavaThread "C2 CompilerThread1" daemon [_thread_in_native, id=1688, stack(0x0000000016d40000,0x0000000016e40000)]

Stack: [0x0000000016d40000,0x0000000016e40000]
[error occurred during error reporting (printing stack bounds), id 0xc0000005]

Native frames: (J=compiled Java code, j=interpreted, Vv=VM code, C=native code)


Current CompileTask:
C2:  14234 1886       4       com.android.dx.ssa.LocalVariableExtractor::processBlock (383 bytes)


---------------  P R O C E S S  ---------------

Java Threads: ( => current thread )
  0x00000000171b7800 JavaThread "pool-1-thread-4" [_thread_blocked, id=14184, stack(0x0000000017940000,0x0000000017a40000)]
  0x00000000171b6000 JavaThread "pool-1-thread-3" [_thread_blocked, id=12952, stack(0x0000000017840000,0x0000000017940000)]
  0x00000000171b5000 JavaThread "pool-1-thread-2" [_thread_in_Java, id=14048, stack(0x0000000017740000,0x0000000017840000)]
  0x00000000171a0000 JavaThread "pool-2-thread-1" [_thread_blocked, id=14360, stack(0x0000000017640000,0x0000000017740000)]
  0x000000001719f000 JavaThread "pool-1-thread-1" [_thread_in_Java, id=16208, stack(0x0000000017540000,0x0000000017640000)]
  0x0000000016f47000 JavaThread "Service Thread" daemon [_thread_blocked, id=13568, stack(0x0000000017340000,0x0000000017440000)]
  0x000000001564d000 JavaThread "C1 CompilerThread2" daemon [_thread_blocked, id=6008, stack(0x0000000016e40000,0x0000000016f40000)]
=>0x0000000015647000 JavaThread "C2 CompilerThread1" daemon [_thread_in_native, id=1688, stack(0x0000000016d40000,0x0000000016e40000)]
  0x00000000155eb800 JavaThread "C2 CompilerThread0" daemon [_thread_in_native, id=15676, stack(0x0000000016c40000,0x0000000016d40000)]
  0x00000000155e9800 JavaThread "Attach Listener" daemon [_thread_blocked, id=15204, stack(0x0000000016b40000,0x0000000016c40000)]
  0x00000000155e8000 JavaThread "Signal Dispatcher" daemon [_thread_blocked, id=15128, stack(0x0000000016a40000,0x0000000016b40000)]
  0x0000000002ee6800 JavaThread "Finalizer" daemon [_thread_blocked, id=6676, stack(0x0000000016850000,0x0000000016950000)]
  0x0000000002ede000 JavaThread "Reference Handler" daemon [_thread_blocked, id=14512, stack(0x0000000016750000,0x0000000016850000)]
  0x0000000002dcd800 JavaThread "main" [_thread_blocked, id=3664, stack(0x0000000002cc0000,0x0000000002dc0000)]

Other Threads:
  0x00000000155b7800 VMThread [stack: 0x0000000016650000,0x0000000016750000] [id=16148]
  0x0000000016f5b800 WatcherThread [stack: 0x0000000017440000,0x0000000017540000] [id=14192]

VM state:not at safepoint (normal execution)

VM Mutex/Monitor currently owned by a thread: None

Heap:
 PSYoungGen      total 68096K, used 54120K [0x00000000eab00000, 0x00000000ef000000, 0x0000000100000000)
  eden space 65536K, 78% used [0x00000000eab00000,0x00000000edd5f290,0x00000000eeb00000)
  from space 2560K, 99% used [0x00000000eed80000,0x00000000eeffaf58,0x00000000ef000000)
  to   space 2560K, 0% used [0x00000000eeb00000,0x00000000eeb00000,0x00000000eed80000)
 ParOldGen       total 44032K, used 12084K [0x00000000c0000000, 0x00000000c2b00000, 0x00000000eab00000)
  object space 44032K, 27% used [0x00000000c0000000,0x00000000c0bcd2a8,0x00000000c2b00000)
 Metaspace       used 6290K, capacity 7152K, committed 7296K, reserved 1056768K
  class space    used 603K, capacity 616K, committed 640K, reserved 1048576K

Card table byte_map: [0x00000000122c0000,0x00000000124d0000] byte_map_base: 0x0000000011cc0000

Marking Bits: (ParMarkBitMap*) 0x000000005b3fa5b0
 Begin Bits: [0x0000000012a30000, 0x0000000013a30000)
 End Bits:   [0x0000000013a30000, 0x0000000014a30000)

Polling page: 0x0000000002dd0000

CodeCache: size=245760Kb used=8680Kb max_used=8680Kb free=237079Kb
 bounds [0x0000000002f00000, 0x0000000003790000, 0x0000000011f00000]
 total_blobs=2139 nmethods=1869 adapters=182
 compilation: enabled

Compilation events (10 events):
Event: 14.204 Thread 0x000000001564d000 1920       3       java.util.concurrent.locks.AbstractQueuedSynchronizer::setHead (16 bytes)
Event: 14.204 Thread 0x000000001564d000 nmethod 1920 0x000000000376bc90 code [0x000000000376bde0, 0x000000000376bf90]
Event: 14.204 Thread 0x000000001564d000 1921       3       com.android.dx.cf.iface.StdField::getConstantValue (28 bytes)
Event: 14.204 Thread 0x000000001564d000 nmethod 1921 0x000000000376c050 code [0x000000000376c1e0, 0x000000000376c628]
Event: 14.204 Thread 0x000000001564d000 1922       3       com.android.dx.dex.file.ClassDefItem::addStaticField (10 bytes)
Event: 14.205 Thread 0x000000001564d000 nmethod 1922 0x000000000376c750 code [0x000000000376c8c0, 0x000000000376cac8]
Event: 14.205 Thread 0x000000001564d000 1923       3       com.android.dx.dex.file.ClassDataItem::addStaticField (51 bytes)
Event: 14.206 Thread 0x000000001564d000 nmethod 1923 0x000000000376cb90 code [0x000000000376cd80, 0x000000000376d618]
Event: 14.209 Thread 0x000000001564d000 1924   !   2       com.android.dx.cf.code.BytecodeArray::parseInstruction (2764 bytes)
Event: 14.223 Thread 0x000000001564d000 nmethod 1924 0x000000000376da90 code [0x000000000376e9c0, 0x0000000003774fa8]

GC Heap History (8 events):
Event: 3.296 GC heap before
{Heap before GC invocations=1 (full 0):
 PSYoungGen      total 18944K, used 16384K [0x00000000eab00000, 0x00000000ec000000, 0x0000000100000000)
  eden space 16384K, 100% used [0x00000000eab00000,0x00000000ebb00000,0x00000000ebb00000)
  from space 2560K, 0% used [0x00000000ebd80000,0x00000000ebd80000,0x00000000ec000000)
  to   space 2560K, 0% used [0x00000000ebb00000,0x00000000ebb00000,0x00000000ebd80000)
 ParOldGen       total 44032K, used 0K [0x00000000c0000000, 0x00000000c2b00000, 0x00000000eab00000)
  object space 44032K, 0% used [0x00000000c0000000,0x00000000c0000000,0x00000000c2b00000)
 Metaspace       used 4027K, capacity 5168K, committed 5376K, reserved 1056768K
  class space    used 452K, capacity 488K, committed 512K, reserved 1048576K
Event: 3.500 GC heap after
Heap after GC invocations=1 (full 0):
 PSYoungGen      total 18944K, used 1668K [0x00000000eab00000, 0x00000000ed000000, 0x0000000100000000)
  eden space 16384K, 0% used [0x00000000eab00000,0x00000000eab00000,0x00000000ebb00000)
  from space 2560K, 65% used [0x00000000ebb00000,0x00000000ebca12b8,0x00000000ebd80000)
  to   space 2560K, 0% used [0x00000000ecd80000,0x00000000ecd80000,0x00000000ed000000)
 ParOldGen       total 44032K, used 0K [0x00000000c0000000, 0x00000000c2b00000, 0x00000000eab00000)
  object space 44032K, 0% used [0x00000000c0000000,0x00000000c0000000,0x00000000c2b00000)
 Metaspace       used 4027K, capacity 5168K, committed 5376K, reserved 1056768K
  class space    used 452K, capacity 488K, committed 512K, reserved 1048576K
}
Event: 6.586 GC heap before
{Heap before GC invocations=2 (full 0):
 PSYoungGen      total 18944K, used 18052K [0x00000000eab00000, 0x00000000ed000000, 0x0000000100000000)
  eden space 16384K, 100% used [0x00000000eab00000,0x00000000ebb00000,0x00000000ebb00000)
  from space 2560K, 65% used [0x00000000ebb00000,0x00000000ebca12b8,0x00000000ebd80000)
  to   space 2560K, 0% used [0x00000000ecd80000,0x00000000ecd80000,0x00000000ed000000)
 ParOldGen       total 44032K, used 0K [0x00000000c0000000, 0x00000000c2b00000, 0x00000000eab00000)
  object space 44032K, 0% used [0x00000000c0000000,0x00000000c0000000,0x00000000c2b00000)
 Metaspace       used 5898K, capacity 6832K, committed 7040K, reserved 1056768K
  class space    used 600K, capacity 616K, committed 640K, reserved 1048576K
Event: 6.797 GC heap after
Heap after GC invocations=2 (full 0):
 PSYoungGen      total 35328K, used 2537K [0x00000000eab00000, 0x00000000ed000000, 0x0000000100000000)
  eden space 32768K, 0% used [0x00000000eab00000,0x00000000eab00000,0x00000000ecb00000)
  from space 2560K, 99% used [0x00000000ecd80000,0x00000000ecffa610,0x00000000ed000000)
  to   space 2560K, 0% used [0x00000000ecb00000,0x00000000ecb00000,0x00000000ecd80000)
 ParOldGen       total 44032K, used 2383K [0x00000000c0000000, 0x00000000c2b00000, 0x00000000eab00000)
  object space 44032K, 5% used [0x00000000c0000000,0x00000000c0253c00,0x00000000c2b00000)
 Metaspace       used 5898K, capacity 6832K, committed 7040K, reserved 1056768K
  class space    used 600K, capacity 616K, committed 640K, reserved 1048576K
}
Event: 8.938 GC heap before
{Heap before GC invocations=3 (full 0):
 PSYoungGen      total 35328K, used 35305K [0x00000000eab00000, 0x00000000ed000000, 0x0000000100000000)
  eden space 32768K, 100% used [0x00000000eab00000,0x00000000ecb00000,0x00000000ecb00000)
  from space 2560K, 99% used [0x00000000ecd80000,0x00000000ecffa610,0x00000000ed000000)
  to   space 2560K, 0% used [0x00000000ecb00000,0x00000000ecb00000,0x00000000ecd80000)
 ParOldGen       total 44032K, used 2383K [0x00000000c0000000, 0x00000000c2b00000, 0x00000000eab00000)
  object space 44032K, 5% used [0x00000000c0000000,0x00000000c0253c00,0x00000000c2b00000)
 Metaspace       used 6184K, capacity 7088K, committed 7296K, reserved 1056768K
  class space    used 602K, capacity 616K, committed 640K, reserved 1048576K
Event: 9.147 GC heap after
Heap after GC invocations=3 (full 0):
 PSYoungGen      total 35328K, used 2539K [0x00000000eab00000, 0x00000000ef000000, 0x0000000100000000)
  eden space 32768K, 0% used [0x00000000eab00000,0x00000000eab00000,0x00000000ecb00000)
  from space 2560K, 99% used [0x00000000ecb00000,0x00000000ecd7af58,0x00000000ecd80000)
  to   space 2560K, 0% used [0x00000000eed80000,0x00000000eed80000,0x00000000ef000000)
 ParOldGen       total 44032K, used 7861K [0x00000000c0000000, 0x00000000c2b00000, 0x00000000eab00000)
  object space 44032K, 17% used [0x00000000c0000000,0x00000000c07ad688,0x00000000c2b00000)
 Metaspace       used 6184K, capacity 7088K, committed 7296K, reserved 1056768K
  class space    used 602K, capacity 616K, committed 640K, reserved 1048576K
}
Event: 11.688 GC heap before
{Heap before GC invocations=4 (full 0):
 PSYoungGen      total 35328K, used 35307K [0x00000000eab00000, 0x00000000ef000000, 0x0000000100000000)
  eden space 32768K, 100% used [0x00000000eab00000,0x00000000ecb00000,0x00000000ecb00000)
  from space 2560K, 99% used [0x00000000ecb00000,0x00000000ecd7af58,0x00000000ecd80000)
  to   space 2560K, 0% used [0x00000000eed80000,0x00000000eed80000,0x00000000ef000000)
 ParOldGen       total 44032K, used 7861K [0x00000000c0000000, 0x00000000c2b00000, 0x00000000eab00000)
  object space 44032K, 17% used [0x00000000c0000000,0x00000000c07ad688,0x00000000c2b00000)
 Metaspace       used 6210K, capacity 7088K, committed 7296K, reserved 1056768K
  class space    used 602K, capacity 616K, committed 640K, reserved 1048576K
Event: 11.996 GC heap after
Heap after GC invocations=4 (full 0):
 PSYoungGen      total 68096K, used 2539K [0x00000000eab00000, 0x00000000ef000000, 0x0000000100000000)
  eden space 65536K, 0% used [0x00000000eab00000,0x00000000eab00000,0x00000000eeb00000)
  from space 2560K, 99% used [0x00000000eed80000,0x00000000eeffaf58,0x00000000ef000000)
  to   space 2560K, 0% used [0x00000000eeb00000,0x00000000eeb00000,0x00000000eed80000)
 ParOldGen       total 44032K, used 12084K [0x00000000c0000000, 0x00000000c2b00000, 0x00000000eab00000)
  object space 44032K, 27% used [0x00000000c0000000,0x00000000c0bcd2a8,0x00000000c2b00000)
 Metaspace       used 6210K, capacity 7088K, committed 7296K, reserved 1056768K
  class space    used 602K, capacity 616K, committed 640K, reserved 1048576K
}

Deoptimization events (10 events):
Event: 12.215 Thread 0x000000001719f000 Uncommon trap: reason=bimorphic action=maybe_recompile pc=0x0000000003184924 method=java.util.HashMap.getNode(ILjava/lang/Object;)Ljava/util/HashMap$Node; @ 126
Event: 12.215 Thread 0x000000001719f000 Uncommon trap: reason=class_check action=maybe_recompile pc=0x00000000033f1bc4 method=java.util.HashMap.putVal(ILjava/lang/Object;Ljava/lang/Object;ZZ)Ljava/lang/Object; @ 203
Event: 12.215 Thread 0x000000001719f000 Uncommon trap: reason=bimorphic action=maybe_recompile pc=0x0000000003184924 method=java.util.HashMap.getNode(ILjava/lang/Object;)Ljava/util/HashMap$Node; @ 126
Event: 12.215 Thread 0x000000001719f000 Uncommon trap: reason=bimorphic action=maybe_recompile pc=0x0000000003184924 method=java.util.HashMap.getNode(ILjava/lang/Object;)Ljava/util/HashMap$Node; @ 126
Event: 12.216 Thread 0x000000001719f000 Uncommon trap: reason=class_check action=maybe_recompile pc=0x00000000033f1bc4 method=java.util.HashMap.putVal(ILjava/lang/Object;Ljava/lang/Object;ZZ)Ljava/lang/Object; @ 203
Event: 12.244 Thread 0x00000000171b6000 Uncommon trap: reason=unstable_if action=reinterpret pc=0x00000000034c2be4 method=com.android.dx.ssa.SCCP.simulateBranch(Lcom/android/dx/ssa/SsaInsn;)V @ 64
Event: 12.244 Thread 0x00000000171b6000 Uncommon trap: reason=unstable_if action=reinterpret pc=0x00000000035a278c method=com.android.dx.ssa.LiteralOpUpgrader$1.visitNonMoveInsn(Lcom/android/dx/ssa/NormalSsaInsn;)V @ 55
Event: 12.245 Thread 0x00000000171b6000 Uncommon trap: reason=unstable_if action=reinterpret pc=0x00000000031e8a9c method=com.android.dx.ssa.SsaMethod.updateOneDefinition(Lcom/android/dx/ssa/SsaInsn;Lcom/android/dx/rop/code/RegisterSpec;)V @ 4
Event: 14.205 Thread 0x000000001719f000 Uncommon trap: reason=bimorphic action=maybe_recompile pc=0x00000000036d3194 method=com.android.dx.cf.code.BytecodeArray.parseInstruction(ILcom/android/dx/cf/code/BytecodeArray$Visitor;)I @ 1130
Event: 14.206 Thread 0x000000001719f000 Uncommon trap: reason=bimorphic action=maybe_recompile pc=0x00000000036d3194 method=com.android.dx.cf.code.BytecodeArray.parseInstruction(ILcom/android/dx/cf/code/BytecodeArray$Visitor;)I @ 1130

Internal exceptions (2 events):
Event: 0.211 Thread 0x0000000002dcd800 Exception <a 'java/lang/NoSuchMethodError': Method sun.misc.Unsafe.defineClass(Ljava/lang/String;[BII)Ljava/lang/Class; name or signature does not match> (0x00000000eab0da28) thrown at [C:\re\workspace\8-2-build-windows-amd64-cygwin\jdk8u60\4407\hotspot\srlèº?‘ˇ ?
Event: 0.211 Thread 0x0000000002dcd800 Exception <a 'java/lang/NoSuchMethodError': Method sun.misc.Unsafe.prefetchRead(Ljava/lang/Object;J)V name or signature does not match> (0x00000000eab0dd10) thrown at [C:\re\workspace\8-2-build-windows-amd64-cygwin\jdk8u60\4407\hotspot\src\share\vm\prims\j

Events (10 events):
Event: 13.732 Thread 0x00000000171b6000 DEOPT PACKING pc=0x000000000338034d sp=0x000000001793e680
Event: 13.732 Thread 0x00000000171b6000 DEOPT UNPACKING pc=0x0000000002f4787f sp=0x000000001793e4b0 mode 0
Event: 13.760 Thread 0x00000000171b7800 DEOPT PACKING pc=0x000000000331206c sp=0x0000000017a3ec00
Event: 13.760 Thread 0x00000000171b7800 DEOPT UNPACKING pc=0x0000000002f4787f sp=0x0000000017a3e980 mode 0
Event: 14.205 Thread 0x000000001719f000 Uncommon trap: trap_request=0xffffffc6 fr.pc=0x00000000036d3194
Event: 14.205 Thread 0x000000001719f000 DEOPT PACKING pc=0x00000000036d3194 sp=0x000000001763e9d0
Event: 14.205 Thread 0x000000001719f000 DEOPT UNPACKING pc=0x0000000002f4582a sp=0x000000001763e998 mode 2
Event: 14.206 Thread 0x000000001719f000 Uncommon trap: trap_request=0xffffffc6 fr.pc=0x00000000036d3194
Event: 14.206 Thread 0x000000001719f000 DEOPT PACKING pc=0x00000000036d3194 sp=0x000000001763ea90
Event: 14.206 Thread 0x000000001719f000 DEOPT UNPACKING pc=0x0000000002f4582a sp=0x000000001763ea58 mode 2


Dynamic libraries:
0x00007ff7567f0000 - 0x00007ff756827000 	C:\Program Files\Java\jdk1.8.0_60\bin\java.exe
0x00007ffbd1520000 - 0x00007ffbd16e1000 	C:\WINDOWS\SYSTEM32\ntdll.dll
0x00007ffbd1150000 - 0x00007ffbd11fd000 	C:\WINDOWS\system32\KERNEL32.DLL
0x00007ffbce840000 - 0x00007ffbcea1d000 	C:\WINDOWS\system32\KERNELBASE.dll
0x00007ffbd0d90000 - 0x00007ffbd0e36000 	C:\WINDOWS\system32\ADVAPI32.dll
0x00007ffbd1350000 - 0x00007ffbd13ed000 	C:\WINDOWS\system32\msvcrt.dll
0x00007ffbcec70000 - 0x00007ffbceccb000 	C:\WINDOWS\system32\sechost.dll
0x00007ffbd13f0000 - 0x00007ffbd1516000 	C:\WINDOWS\system32\RPCRT4.dll
0x00007ffbd0e40000 - 0x00007ffbd0f8e000 	C:\WINDOWS\system32\USER32.dll
0x00007ffbcf300000 - 0x00007ffbcf486000 	C:\WINDOWS\system32\GDI32.dll
0x00007ffbc1d70000 - 0x00007ffbc1fe4000 	C:\WINDOWS\WinSxS\amd64_microsoft.windows.common-controls_6595b64144ccf1df_6.0.10240.16384_none_f41f7b285750ef43\COMCTL32.dll
0x00007ffbd0aa0000 - 0x00007ffbd0ad6000 	C:\WINDOWS\system32\IMM32.DLL
0x00007ffbd0f90000 - 0x00007ffbd10ec000 	C:\WINDOWS\system32\MSCTF.dll
0x000000005a830000 - 0x000000005a902000 	C:\Program Files\Java\jdk1.8.0_60\jre\bin\msvcr100.dll
0x000000005abf0000 - 0x000000005b479000 	C:\Program Files\Java\jdk1.8.0_60\jre\bin\server\jvm.dll
0x00007ffbd0d80000 - 0x00007ffbd0d88000 	C:\WINDOWS\system32\PSAPI.DLL
0x00007ffbbe8a0000 - 0x00007ffbbe8a9000 	C:\WINDOWS\SYSTEM32\WSOCK32.dll
0x00007ffbd0ae0000 - 0x00007ffbd0b49000 	C:\WINDOWS\system32\WS2_32.dll
0x00007ffbcf1c0000 - 0x00007ffbcf1c8000 	C:\WINDOWS\system32\NSI.dll
0x00007ffbcc3e0000 - 0x00007ffbcc403000 	C:\WINDOWS\SYSTEM32\WINMM.dll
0x00007ffbc3160000 - 0x00007ffbc316a000 	C:\WINDOWS\SYSTEM32\VERSION.dll
0x00007ffbcc3b0000 - 0x00007ffbcc3dc000 	C:\WINDOWS\SYSTEM32\WINMMBASE.dll
0x00007ffbce790000 - 0x00007ffbce7d4000 	C:\WINDOWS\system32\cfgmgr32.dll
0x00007ffbcc8e0000 - 0x00007ffbcc907000 	C:\WINDOWS\SYSTEM32\DEVOBJ.dll
0x000000005bd30000 - 0x000000005bd3f000 	C:\Program Files\Java\jdk1.8.0_60\jre\bin\verify.dll
0x000000005bd00000 - 0x000000005bd29000 	C:\Program Files\Java\jdk1.8.0_60\jre\bin\java.dll
0x000000005bce0000 - 0x000000005bcf6000 	C:\Program Files\Java\jdk1.8.0_60\jre\bin\zip.dll
0x00007ffbcf570000 - 0x00007ffbd0a92000 	C:\WINDOWS\system32\SHELL32.dll
0x00007ffbce0b0000 - 0x00007ffbce6d8000 	C:\WINDOWS\system32\windows.storage.dll
0x00007ffbced90000 - 0x00007ffbcf00c000 	C:\WINDOWS\system32\combase.dll
0x00007ffbd10f0000 - 0x00007ffbd1141000 	C:\WINDOWS\system32\shlwapi.dll
0x00007ffbcdfe0000 - 0x00007ffbcdfef000 	C:\WINDOWS\system32\kernel.appcore.dll
0x00007ffbcdff0000 - 0x00007ffbce0a3000 	C:\WINDOWS\system32\shcore.dll
0x00007ffbcdf50000 - 0x00007ffbcdf9a000 	C:\WINDOWS\system32\powrprof.dll
0x00007ffbcdfa0000 - 0x00007ffbcdfb3000 	C:\WINDOWS\system32\profapi.dll

VM Arguments:
jvm_args: -Djava.awt.headless=true -Xmx1024M -Dfile.encoding=windows-1252 -Duser.country=US -Duser.language=en -Duser.variant 
java_command: com.android.dx.command.Main --dex --num-threads=4 --output C:\Users\Harry\Documents\GitHub\Sunshine\app\build\intermediates\pre-dexed\debug\com.android.support-support-v4-23.1.1_e294ad9b312005c1e8a90c04a4ffbd15be5ad87e.jar C:\Users\Harry\Documents\GitHub\Sunshine\app\build\intermediates\exploded-aar\com.android.support\support-v4\23.1.1\jars\classes.jar
java_class_path (initial): C:\Users\Harry\AppData\Local\Android\sdk\build-tools\23.0.2\lib\dx.jar
Launcher Type: SUN_STANDARD

Environment Variables:
PATH=C:\Program Files (x86)\Razer Chroma SDK\bin;C:\Program Files\Razer Chroma SDK\bin;C:\ProgramData\Oracle\Java\javapath;C:\Program Files (x86)\NVIDIA Corporation\PhysX\Common;C:\Program Files (x86)\Intel\iCLS Client\;C:\Program Files\Intel\iCLS Client\;C:\WINDOWS\system32;C:\WINDOWS;C:\WINDOWS\System32\Wbem;C:\WINDOWS\System32\WindowsPowerShell\v1.0\;C:\Program Files (x86)\Intel\OpenCL SDK\3.0\bin\x86;C:\Program Files (x86)\Intel\OpenCL SDK\3.0\bin\x64;C:\Program Files\Intel\Intel(R) Management Engine Components\DAL;C:\Program Files\Intel\Intel(R) Management Engine Components\IPT;C:\Program Files (x86)\Intel\Intel(R) Management Engine Components\DAL;C:\Program Files (x86)\Intel\Intel(R) Management Engine Components\IPT;C:\Program Files\Sony\VAIO Improvement;C:\Program Files (x86)\Sony\VAIO BIOS Data Transfer Utility\;C:\Program Files (x86)\Sony\VAIO Startup Setting Tool;C:\Program Files (x86)\Windows Live\Shared;C:\Program Files\Intel\WiFi\bin\;C:\Program Files\Common Files\Intel\WirelessCommon\;C:\Program Files (x86)\PharosSystems\Core;c:\Program Files (x86)\Microsoft SQL Server\110\Tools\Binn\;c:\Program Files\Microsoft SQL Server\110\Tools\Binn\;c:\Program Files\Microsoft SQL Server\110\DTS\Binn\;C:\Program Files\nodejs\;C:\Program Files\Microsoft SQL Server\120\Tools\Binn\;C:\Program Files (x86)\Windows Kits\10\Windows Performance Toolkit\;C:\Program Files (x86)\Skype\Phone\;C:\Users\Harry\AppData\Roaming\npm;C:\Program Files\Intel\WiFi\bin\;C:\Program Files\Common Files\Intel\WirelessCommon\;C:\Users\Harry\AppData\Roaming\npm
USERNAME=Harry
OS=Windows_NT
PROCESSOR_IDENTIFIER=Intel64 Family 6 Model 69 Stepping 1, GenuineIntel



---------------  S Y S T E M  ---------------

OS: Windows 10.0 , 64 bit Build 10240 (10.0.10240.16384)

CPU:total 4 (2 cores per cpu, 2 threads per core) family 6 model 69 stepping 1, cmov, cx8, fxsr, mmx, sse, sse2, sse3, ssse3, sse4.1, sse4.2, popcnt, avx, avx2, aes, clmul, erms, lzcnt, ht, tsc, tscinvbit, bmi1, bmi2

Memory: 4k page, physical 4098948k(214604k free), swap 8270264k(3356k free)

vm_info: Java HotSpot(TM) 64-Bit Server VM (25.60-b23) for windows-amd64 JRE (1.8.0_60-b27), built on Aug  4 2015 11:06:27 by "java_re" with MS VC++ 10.0 (VS2010)

time: Mon Feb 08 13:26:11 2016
elapsed time: 14 seconds (0d 0h 0m 14s)

