#
# There is insufficient memory for the Java Runtime Environment to continue.
# Native memory allocation (malloc) failed to allocate 619536 bytes for Chunk::new
# Possible reasons:
#   The system is out of physical RAM or swap space
#   In 32 bit mode, the process size limit was hit
# Possible solutions:
#   Reduce memory load on the system
#   Increase physical memory or swap space
#   Check if swap backing store is full
#   Use 64 bit Java on a 64 bit OS
#   Decrease Java heap size (-Xmx/-Xms)
#   Decrease number of Java threads
#   Decrease Java thread stack sizes (-Xss)
#   Set larger code cache with -XX:ReservedCodeCacheSize=
# This output file may be truncated or incomplete.
#
#  Out of Memory Error (allocation.cpp:390), pid=1240, tid=14868
#
# JRE version: Java(TM) SE Runtime Environment (8.0_60-b27) (build 1.8.0_60-b27)
# Java VM: Java HotSpot(TM) 64-Bit Server VM (25.60-b23 mixed mode windows-amd64 compressed oops)
# Failed to write core dump. Minidumps are not enabled by default on client versions of Windows
#

---------------  T H R E A D  ---------------

Current thread (0x0000000014f1b800):  JavaThread "C2 CompilerThread0" daemon [_thread_in_native, id=14868, stack(0x0000000016570000,0x0000000016670000)]

Stack: [0x0000000016570000,0x0000000016670000]
[error occurred during error reporting (printing stack bounds), id 0xc0000005]

Native frames: (J=compiled Java code, j=interpreted, Vv=VM code, C=native code)


Current CompileTask:
C2:  11312 2148       4       com.android.dx.dex.code.LocalList::make (102 bytes)


---------------  P R O C E S S  ---------------

Java Threads: ( => current thread )
  0x0000000016876000 JavaThread "Service Thread" daemon [_thread_blocked, id=15736, stack(0x0000000016c70000,0x0000000016d70000)]
  0x0000000014f7d000 JavaThread "C1 CompilerThread2" daemon [_thread_blocked, id=15972, stack(0x0000000016770000,0x0000000016870000)]
  0x0000000014f77000 JavaThread "C2 CompilerThread1" daemon [_thread_blocked, id=4840, stack(0x0000000016670000,0x0000000016770000)]
=>0x0000000014f1b800 JavaThread "C2 CompilerThread0" daemon [_thread_in_native, id=14868, stack(0x0000000016570000,0x0000000016670000)]
  0x0000000014f19800 JavaThread "Attach Listener" daemon [_thread_blocked, id=11736, stack(0x0000000016470000,0x0000000016570000)]
  0x0000000014f18000 JavaThread "Signal Dispatcher" daemon [_thread_blocked, id=11564, stack(0x0000000016370000,0x0000000016470000)]
  0x0000000002846800 JavaThread "Finalizer" daemon [_thread_blocked, id=14228, stack(0x0000000016190000,0x0000000016290000)]
  0x000000000283e000 JavaThread "Reference Handler" daemon [_thread_blocked, id=12388, stack(0x0000000016090000,0x0000000016190000)]
  0x000000000264d800 JavaThread "main" [_thread_in_Java, id=15608, stack(0x0000000002650000,0x0000000002750000)]

Other Threads:
  0x0000000014ee7800 VMThread [stack: 0x0000000015f90000,0x0000000016090000] [id=15484]
  0x000000001689b800 WatcherThread [stack: 0x0000000016d70000,0x0000000016e70000] [id=5572]

VM state:not at safepoint (normal execution)

VM Mutex/Monitor currently owned by a thread: None

Heap:
 PSYoungGen      total 68096K, used 34775K [0x00000000eab00000, 0x00000000ef000000, 0x0000000100000000)
  eden space 65536K, 49% used [0x00000000eab00000,0x00000000eca7b878,0x00000000eeb00000)
  from space 2560K, 99% used [0x00000000eed80000,0x00000000eeffa3e0,0x00000000ef000000)
  to   space 2560K, 0% used [0x00000000eeb00000,0x00000000eeb00000,0x00000000eed80000)
 ParOldGen       total 44032K, used 13652K [0x00000000c0000000, 0x00000000c2b00000, 0x00000000eab00000)
  object space 44032K, 31% used [0x00000000c0000000,0x00000000c0d553b0,0x00000000c2b00000)
 Metaspace       used 6565K, capacity 7352K, committed 7552K, reserved 1056768K
  class space    used 622K, capacity 624K, committed 640K, reserved 1048576K

Card table byte_map: [0x0000000011c10000,0x0000000011e20000] byte_map_base: 0x0000000011610000

Marking Bits: (ParMarkBitMap*) 0x000000005b3fa5b0
 Begin Bits: [0x0000000012380000, 0x0000000013380000)
 End Bits:   [0x0000000013380000, 0x0000000014380000)

Polling page: 0x0000000000da0000

CodeCache: size=245760Kb used=8745Kb max_used=8757Kb free=237014Kb
 bounds [0x0000000002850000, 0x00000000030f0000, 0x0000000011850000]
 total_blobs=2335 nmethods=2065 adapters=182
 compilation: enabled

Compilation events (10 events):
Event: 11.261 Thread 0x0000000014f7d000 nmethod 2146 0x00000000030c6250 code [0x00000000030c63a0, 0x00000000030c64b0]
Event: 11.263 Thread 0x0000000014f77000 2147       4       com.android.dx.dex.code.DalvInsnList::makeImmutable (51 bytes)
Event: 11.268 Thread 0x0000000014f1b800 nmethod 2145 0x00000000030df010 code [0x00000000030df1a0, 0x00000000030dfa38]
Event: 11.269 Thread 0x0000000014f1b800 2148       4       com.android.dx.dex.code.LocalList::make (102 bytes)
Event: 11.272 Thread 0x0000000014f77000 nmethod 2147 0x00000000030de850 code [0x00000000030de9a0, 0x00000000030ded58]
Event: 11.273 Thread 0x0000000014f77000 2149       4       com.android.dx.dex.code.StdCatchBuilder::handlersFor (216 bytes)
Event: 11.296 Thread 0x0000000014f77000 nmethod 2149 0x00000000030e0810 code [0x00000000030e09e0, 0x00000000030e1468]
Event: 11.299 Thread 0x0000000014f7d000 2150       3       com.android.dx.dex.code.form.Form10t::branchFits (22 bytes)
Event: 11.300 Thread 0x0000000014f7d000 nmethod 2150 0x00000000030d1d10 code [0x00000000030d1ec0, 0x00000000030d25f8]
Event: 11.300 Thread 0x0000000014f77000 2151       4       com.android.dx.dex.code.OutputFinisher::massageInstructions (89 bytes)

GC Heap History (8 events):
Event: 1.112 GC heap before
{Heap before GC invocations=1 (full 0):
 PSYoungGen      total 18944K, used 16384K [0x00000000eab00000, 0x00000000ec000000, 0x0000000100000000)
  eden space 16384K, 100% used [0x00000000eab00000,0x00000000ebb00000,0x00000000ebb00000)
  from space 2560K, 0% used [0x00000000ebd80000,0x00000000ebd80000,0x00000000ec000000)
  to   space 2560K, 0% used [0x00000000ebb00000,0x00000000ebb00000,0x00000000ebd80000)
 ParOldGen       total 44032K, used 0K [0x00000000c0000000, 0x00000000c2b00000, 0x00000000eab00000)
  object space 44032K, 0% used [0x00000000c0000000,0x00000000c0000000,0x00000000c2b00000)
 Metaspace       used 5700K, capacity 6704K, committed 6784K, reserved 1056768K
  class space    used 594K, capacity 616K, committed 640K, reserved 1048576K
Event: 1.200 GC heap after
Heap after GC invocations=1 (full 0):
 PSYoungGen      total 18944K, used 2554K [0x00000000eab00000, 0x00000000ed000000, 0x0000000100000000)
  eden space 16384K, 0% used [0x00000000eab00000,0x00000000eab00000,0x00000000ebb00000)
  from space 2560K, 99% used [0x00000000ebb00000,0x00000000ebd7ea98,0x00000000ebd80000)
  to   space 2560K, 0% used [0x00000000ecd80000,0x00000000ecd80000,0x00000000ed000000)
 ParOldGen       total 44032K, used 1448K [0x00000000c0000000, 0x00000000c2b00000, 0x00000000eab00000)
  object space 44032K, 3% used [0x00000000c0000000,0x00000000c016a320,0x00000000c2b00000)
 Metaspace       used 5700K, capacity 6704K, committed 6784K, reserved 1056768K
  class space    used 594K, capacity 616K, committed 640K, reserved 1048576K
}
Event: 1.772 GC heap before
{Heap before GC invocations=2 (full 0):
 PSYoungGen      total 18944K, used 18938K [0x00000000eab00000, 0x00000000ed000000, 0x0000000100000000)
  eden space 16384K, 100% used [0x00000000eab00000,0x00000000ebb00000,0x00000000ebb00000)
  from space 2560K, 99% used [0x00000000ebb00000,0x00000000ebd7ea98,0x00000000ebd80000)
  to   space 2560K, 0% used [0x00000000ecd80000,0x00000000ecd80000,0x00000000ed000000)
 ParOldGen       total 44032K, used 1448K [0x00000000c0000000, 0x00000000c2b00000, 0x00000000eab00000)
  object space 44032K, 3% used [0x00000000c0000000,0x00000000c016a320,0x00000000c2b00000)
 Metaspace       used 6010K, capacity 6960K, committed 7040K, reserved 1056768K
  class space    used 600K, capacity 616K, committed 640K, reserved 1048576K
Event: 1.857 GC heap after
Heap after GC invocations=2 (full 0):
 PSYoungGen      total 35328K, used 2535K [0x00000000eab00000, 0x00000000ed000000, 0x0000000100000000)
  eden space 32768K, 0% used [0x00000000eab00000,0x00000000eab00000,0x00000000ecb00000)
  from space 2560K, 99% used [0x00000000ecd80000,0x00000000ecff9c78,0x00000000ed000000)
  to   space 2560K, 0% used [0x00000000ecb00000,0x00000000ecb00000,0x00000000ecd80000)
 ParOldGen       total 44032K, used 3436K [0x00000000c0000000, 0x00000000c2b00000, 0x00000000eab00000)
  object space 44032K, 7% used [0x00000000c0000000,0x00000000c035b2d0,0x00000000c2b00000)
 Metaspace       used 6010K, capacity 6960K, committed 7040K, reserved 1056768K
  class space    used 600K, capacity 616K, committed 640K, reserved 1048576K
}
Event: 2.761 GC heap before
{Heap before GC invocations=3 (full 0):
 PSYoungGen      total 35328K, used 35303K [0x00000000eab00000, 0x00000000ed000000, 0x0000000100000000)
  eden space 32768K, 100% used [0x00000000eab00000,0x00000000ecb00000,0x00000000ecb00000)
  from space 2560K, 99% used [0x00000000ecd80000,0x00000000ecff9c78,0x00000000ed000000)
  to   space 2560K, 0% used [0x00000000ecb00000,0x00000000ecb00000,0x00000000ecd80000)
 ParOldGen       total 44032K, used 3436K [0x00000000c0000000, 0x00000000c2b00000, 0x00000000eab00000)
  object space 44032K, 7% used [0x00000000c0000000,0x00000000c035b2d0,0x00000000c2b00000)
 Metaspace       used 6183K, capacity 7088K, committed 7296K, reserved 1056768K
  class space    used 602K, capacity 616K, committed 640K, reserved 1048576K
Event: 3.000 GC heap after
Heap after GC invocations=3 (full 0):
 PSYoungGen      total 35328K, used 2546K [0x00000000eab00000, 0x00000000ef000000, 0x0000000100000000)
  eden space 32768K, 0% used [0x00000000eab00000,0x00000000eab00000,0x00000000ecb00000)
  from space 2560K, 99% used [0x00000000ecb00000,0x00000000ecd7c9b8,0x00000000ecd80000)
  to   space 2560K, 0% used [0x00000000eed80000,0x00000000eed80000,0x00000000ef000000)
 ParOldGen       total 44032K, used 8681K [0x00000000c0000000, 0x00000000c2b00000, 0x00000000eab00000)
  object space 44032K, 19% used [0x00000000c0000000,0x00000000c087a518,0x00000000c2b00000)
 Metaspace       used 6183K, capacity 7088K, committed 7296K, reserved 1056768K
  class space    used 602K, capacity 616K, committed 640K, reserved 1048576K
}
Event: 4.374 GC heap before
{Heap before GC invocations=4 (full 0):
 PSYoungGen      total 35328K, used 35314K [0x00000000eab00000, 0x00000000ef000000, 0x0000000100000000)
  eden space 32768K, 100% used [0x00000000eab00000,0x00000000ecb00000,0x00000000ecb00000)
  from space 2560K, 99% used [0x00000000ecb00000,0x00000000ecd7c9b8,0x00000000ecd80000)
  to   space 2560K, 0% used [0x00000000eed80000,0x00000000eed80000,0x00000000ef000000)
 ParOldGen       total 44032K, used 8681K [0x00000000c0000000, 0x00000000c2b00000, 0x00000000eab00000)
  object space 44032K, 19% used [0x00000000c0000000,0x00000000c087a518,0x00000000c2b00000)
 Metaspace       used 6236K, capacity 7152K, committed 7296K, reserved 1056768K
  class space    used 602K, capacity 616K, committed 640K, reserved 1048576K
Event: 4.558 GC heap after
Heap after GC invocations=4 (full 0):
 PSYoungGen      total 68096K, used 2536K [0x00000000eab00000, 0x00000000ef000000, 0x0000000100000000)
  eden space 65536K, 0% used [0x00000000eab00000,0x00000000eab00000,0x00000000eeb00000)
  from space 2560K, 99% used [0x00000000eed80000,0x00000000eeffa3e0,0x00000000ef000000)
  to   space 2560K, 0% used [0x00000000eeb00000,0x00000000eeb00000,0x00000000eed80000)
 ParOldGen       total 44032K, used 13652K [0x00000000c0000000, 0x00000000c2b00000, 0x00000000eab00000)
  object space 44032K, 31% used [0x00000000c0000000,0x00000000c0d553b0,0x00000000c2b00000)
 Metaspace       used 6236K, capacity 7152K, committed 7296K, reserved 1056768K
  class space    used 602K, capacity 616K, committed 640K, reserved 1048576K
}

Deoptimization events (10 events):
Event: 6.595 Thread 0x000000000264d800 Uncommon trap: reason=class_check action=maybe_recompile pc=0x0000000002cd2c48 method=java.util.Arrays.hashCode([Ljava/lang/Object;)I @ 43
Event: 6.595 Thread 0x000000000264d800 Uncommon trap: reason=class_check action=maybe_recompile pc=0x0000000002cd2c48 method=java.util.Arrays.hashCode([Ljava/lang/Object;)I @ 43
Event: 6.595 Thread 0x000000000264d800 Uncommon trap: reason=class_check action=maybe_recompile pc=0x0000000002cd0cf4 method=java.util.Arrays.hashCode([Ljava/lang/Object;)I @ 43
Event: 9.273 Thread 0x000000000264d800 Uncommon trap: reason=speculate_class_check action=maybe_recompile pc=0x0000000002bd8f84 method=com.android.dx.util.FixedSizeList.equals(Ljava/lang/Object;)Z @ 25
Event: 9.273 Thread 0x000000000264d800 Uncommon trap: reason=class_check action=maybe_recompile pc=0x0000000002bea328 method=java.util.Arrays.equals([Ljava/lang/Object;[Ljava/lang/Object;)Z @ 62
Event: 9.273 Thread 0x000000000264d800 Uncommon trap: reason=speculate_class_check action=maybe_recompile pc=0x0000000002bd8f84 method=com.android.dx.util.FixedSizeList.equals(Ljava/lang/Object;)Z @ 25
Event: 9.273 Thread 0x000000000264d800 Uncommon trap: reason=unstable_if action=reinterpret pc=0x0000000002bea360 method=java.util.Arrays.equals([Ljava/lang/Object;[Ljava/lang/Object;)Z @ 23
Event: 10.159 Thread 0x000000000264d800 Uncommon trap: reason=speculate_class_check action=maybe_recompile pc=0x0000000002bd8f84 method=com.android.dx.util.FixedSizeList.equals(Ljava/lang/Object;)Z @ 25
Event: 10.159 Thread 0x000000000264d800 Uncommon trap: reason=speculate_class_check action=maybe_recompile pc=0x0000000002bd8f84 method=com.android.dx.util.FixedSizeList.equals(Ljava/lang/Object;)Z @ 25
Event: 11.298 Thread 0x000000000264d800 Uncommon trap: reason=unstable_if action=reinterpret pc=0x0000000002ff6f7c method=java.util.TreeMap.put(Ljava/lang/Object;Ljava/lang/Object;)Ljava/lang/Object; @ 163

Internal exceptions (4 events):
Event: 0.104 Thread 0x000000000264d800 Exception <a 'java/lang/NoSuchMethodError': Method sun.misc.Unsafe.defineClass(Ljava/lang/String;[BII)Ljava/lang/Class; name or signature does not match> (0x00000000eab0dc88) thrown at [C:\re\workspace\8-2-build-windows-amd64-cygwin\jdk8u60\4407\hotspot\sr9I·ºÁ§º?
Event: 0.104 Thread 0x000000000264d800 Exception <a 'java/lang/NoSuchMethodError': Method sun.misc.Unsafe.prefetchRead(Ljava/lang/Object;J)V name or signature does not match> (0x00000000eab0df70) thrown at [C:\re\workspace\8-2-build-windows-amd64-cygwin\jdk8u60\4407\hotspot\src\share\vm\prims\j¼…Ó
ÚÌû?
Event: 1.738 Thread 0x0000000016ac3000 Implicit null exception at 0x0000000002cd4d62 to 0x0000000002cd4e5a
Event: 3.049 Thread 0x0000000016ac3000 Implicit null exception at 0x0000000002b2a5b6 to 0x0000000002b2be49

Events (10 events):
Event: 11.260 Thread 0x000000000264d800 DEOPT UNPACKING pc=0x000000000289787f sp=0x000000000274efd8 mode 0
Event: 11.269 Thread 0x000000000264d800 DEOPT PACKING pc=0x0000000003081892 sp=0x000000000274f1f0
Event: 11.269 Thread 0x000000000264d800 DEOPT UNPACKING pc=0x000000000289787f sp=0x000000000274efa8 mode 0
Event: 11.272 Thread 0x000000000264d800 DEOPT PACKING pc=0x00000000030837c9 sp=0x000000000274f2b0
Event: 11.272 Thread 0x000000000264d800 DEOPT UNPACKING pc=0x000000000289787f sp=0x000000000274f000 mode 0
Event: 11.298 Thread 0x000000000264d800 Uncommon trap: trap_request=0xffffff65 fr.pc=0x0000000002ff6f7c
Event: 11.298 Thread 0x000000000264d800 DEOPT PACKING pc=0x0000000002ff6f7c sp=0x000000000274f280
Event: 11.298 Thread 0x000000000264d800 DEOPT UNPACKING pc=0x000000000289582a sp=0x000000000274f220 mode 2
Event: 11.306 Thread 0x000000000264d800 DEOPT PACKING pc=0x000000000307496b sp=0x000000000274f220
Event: 11.306 Thread 0x000000000264d800 DEOPT UNPACKING pc=0x000000000289787f sp=0x000000000274ef98 mode 0


Dynamic libraries:
0x00007ff7567f0000 - 0x00007ff756827000 	C:\Program Files\Java\jdk1.8.0_60\bin\java.exe
0x00007ffbd1520000 - 0x00007ffbd16e1000 	C:\WINDOWS\SYSTEM32\ntdll.dll
0x00007ffbd1150000 - 0x00007ffbd11fd000 	C:\WINDOWS\system32\KERNEL32.DLL
0x00007ffbce840000 - 0x00007ffbcea1d000 	C:\WINDOWS\system32\KERNELBASE.dll
0x00007ffbd0d90000 - 0x00007ffbd0e36000 	C:\WINDOWS\system32\ADVAPI32.dll
0x00007ffbd1350000 - 0x00007ffbd13ed000 	C:\WINDOWS\system32\msvcrt.dll
0x00007ffbcec70000 - 0x00007ffbceccb000 	C:\WINDOWS\system32\sechost.dll
0x00007ffbd13f0000 - 0x00007ffbd1516000 	C:\WINDOWS\system32\RPCRT4.dll
0x00007ffbd0e40000 - 0x00007ffbd0f8e000 	C:\WINDOWS\system32\USER32.dll
0x00007ffbcf300000 - 0x00007ffbcf486000 	C:\WINDOWS\system32\GDI32.dll
0x00007ffbc1d70000 - 0x00007ffbc1fe4000 	C:\WINDOWS\WinSxS\amd64_microsoft.windows.common-controls_6595b64144ccf1df_6.0.10240.16384_none_f41f7b285750ef43\COMCTL32.dll
0x00007ffbd0aa0000 - 0x00007ffbd0ad6000 	C:\WINDOWS\system32\IMM32.DLL
0x00007ffbd0f90000 - 0x00007ffbd10ec000 	C:\WINDOWS\system32\MSCTF.dll
0x000000005a830000 - 0x000000005a902000 	C:\Program Files\Java\jdk1.8.0_60\jre\bin\msvcr100.dll
0x000000005abf0000 - 0x000000005b479000 	C:\Program Files\Java\jdk1.8.0_60\jre\bin\server\jvm.dll
0x00007ffbd0d80000 - 0x00007ffbd0d88000 	C:\WINDOWS\system32\PSAPI.DLL
0x00007ffbbe8a0000 - 0x00007ffbbe8a9000 	C:\WINDOWS\SYSTEM32\WSOCK32.dll
0x00007ffbd0ae0000 - 0x00007ffbd0b49000 	C:\WINDOWS\system32\WS2_32.dll
0x00007ffbcf1c0000 - 0x00007ffbcf1c8000 	C:\WINDOWS\system32\NSI.dll
0x00007ffbcc3e0000 - 0x00007ffbcc403000 	C:\WINDOWS\SYSTEM32\WINMM.dll
0x00007ffbc3160000 - 0x00007ffbc316a000 	C:\WINDOWS\SYSTEM32\VERSION.dll
0x00007ffbcc3b0000 - 0x00007ffbcc3dc000 	C:\WINDOWS\SYSTEM32\WINMMBASE.dll
0x00007ffbce790000 - 0x00007ffbce7d4000 	C:\WINDOWS\system32\cfgmgr32.dll
0x00007ffbcc8e0000 - 0x00007ffbcc907000 	C:\WINDOWS\SYSTEM32\DEVOBJ.dll
0x000000005bd30000 - 0x000000005bd3f000 	C:\Program Files\Java\jdk1.8.0_60\jre\bin\verify.dll
0x000000005bd00000 - 0x000000005bd29000 	C:\Program Files\Java\jdk1.8.0_60\jre\bin\java.dll
0x000000005bce0000 - 0x000000005bcf6000 	C:\Program Files\Java\jdk1.8.0_60\jre\bin\zip.dll
0x00007ffbcf570000 - 0x00007ffbd0a92000 	C:\WINDOWS\system32\SHELL32.dll
0x00007ffbce0b0000 - 0x00007ffbce6d8000 	C:\WINDOWS\system32\windows.storage.dll
0x00007ffbced90000 - 0x00007ffbcf00c000 	C:\WINDOWS\system32\combase.dll
0x00007ffbd10f0000 - 0x00007ffbd1141000 	C:\WINDOWS\system32\shlwapi.dll
0x00007ffbcdfe0000 - 0x00007ffbcdfef000 	C:\WINDOWS\system32\kernel.appcore.dll
0x00007ffbcdff0000 - 0x00007ffbce0a3000 	C:\WINDOWS\system32\shcore.dll
0x00007ffbcdf50000 - 0x00007ffbcdf9a000 	C:\WINDOWS\system32\powrprof.dll
0x00007ffbcdfa0000 - 0x00007ffbcdfb3000 	C:\WINDOWS\system32\profapi.dll

VM Arguments:
jvm_args: -Djava.awt.headless=true -Xmx1024M -Dfile.encoding=windows-1252 -Duser.country=US -Duser.language=en -Duser.variant 
java_command: com.android.dx.command.Main --dex --num-threads=4 --output C:\Users\Harry\Documents\GitHub\Sunshine\app\build\intermediates\pre-dexed\debug\com.android.support-design-23.1.1_740dae5dc4a1d1d146289e4491c197fba8ce2257.jar C:\Users\Harry\Documents\GitHub\Sunshine\app\build\intermediates\exploded-aar\com.android.support\design\23.1.1\jars\classes.jar
java_class_path (initial): C:\Users\Harry\AppData\Local\Android\sdk\build-tools\23.0.2\lib\dx.jar
Launcher Type: SUN_STANDARD

Environment Variables:
PATH=C:\Program Files (x86)\Razer Chroma SDK\bin;C:\Program Files\Razer Chroma SDK\bin;C:\ProgramData\Oracle\Java\javapath;C:\Program Files (x86)\NVIDIA Corporation\PhysX\Common;C:\Program Files (x86)\Intel\iCLS Client\;C:\Program Files\Intel\iCLS Client\;C:\WINDOWS\system32;C:\WINDOWS;C:\WINDOWS\System32\Wbem;C:\WINDOWS\System32\WindowsPowerShell\v1.0\;C:\Program Files (x86)\Intel\OpenCL SDK\3.0\bin\x86;C:\Program Files (x86)\Intel\OpenCL SDK\3.0\bin\x64;C:\Program Files\Intel\Intel(R) Management Engine Components\DAL;C:\Program Files\Intel\Intel(R) Management Engine Components\IPT;C:\Program Files (x86)\Intel\Intel(R) Management Engine Components\DAL;C:\Program Files (x86)\Intel\Intel(R) Management Engine Components\IPT;C:\Program Files\Sony\VAIO Improvement;C:\Program Files (x86)\Sony\VAIO BIOS Data Transfer Utility\;C:\Program Files (x86)\Sony\VAIO Startup Setting Tool;C:\Program Files (x86)\Windows Live\Shared;C:\Program Files\Intel\WiFi\bin\;C:\Program Files\Common Files\Intel\WirelessCommon\;C:\Program Files (x86)\PharosSystems\Core;c:\Program Files (x86)\Microsoft SQL Server\110\Tools\Binn\;c:\Program Files\Microsoft SQL Server\110\Tools\Binn\;c:\Program Files\Microsoft SQL Server\110\DTS\Binn\;C:\Program Files\nodejs\;C:\Program Files\Microsoft SQL Server\120\Tools\Binn\;C:\Program Files (x86)\Windows Kits\10\Windows Performance Toolkit\;C:\Program Files (x86)\Skype\Phone\;C:\Users\Harry\AppData\Roaming\npm;C:\Program Files\Intel\WiFi\bin\;C:\Program Files\Common Files\Intel\WirelessCommon\;C:\Users\Harry\AppData\Roaming\npm
USERNAME=Harry
OS=Windows_NT
PROCESSOR_IDENTIFIER=Intel64 Family 6 Model 69 Stepping 1, GenuineIntel



---------------  S Y S T E M  ---------------

OS: Windows 10.0 , 64 bit Build 10240 (10.0.10240.16384)

CPU:total 4 (2 cores per cpu, 2 threads per core) family 6 model 69 stepping 1, cmov, cx8, fxsr, mmx, sse, sse2, sse3, ssse3, sse4.1, sse4.2, popcnt, avx, avx2, aes, clmul, erms, lzcnt, ht, tsc, tscinvbit, bmi1, bmi2

Memory: 4k page, physical 4098948k(220436k free), swap 8270264k(5368k free)

vm_info: Java HotSpot(TM) 64-Bit Server VM (25.60-b23) for windows-amd64 JRE (1.8.0_60-b27), built on Aug  4 2015 11:06:27 by "java_re" with MS VC++ 10.0 (VS2010)

time: Mon Feb 08 13:31:05 2016
elapsed time: 11 seconds (0d 0h 0m 11s)

