#
# There is insufficient memory for the Java Runtime Environment to continue.
# Native memory allocation (malloc) failed to allocate 2209296 bytes for Chunk::new
# Possible reasons:
#   The system is out of physical RAM or swap space
#   In 32 bit mode, the process size limit was hit
# Possible solutions:
#   Reduce memory load on the system
#   Increase physical memory or swap space
#   Check if swap backing store is full
#   Use 64 bit Java on a 64 bit OS
#   Decrease Java heap size (-Xmx/-Xms)
#   Decrease number of Java threads
#   Decrease Java thread stack sizes (-Xss)
#   Set larger code cache with -XX:ReservedCodeCacheSize=
# This output file may be truncated or incomplete.
#
#  Out of Memory Error (allocation.cpp:390), pid=3128, tid=5088
#
# JRE version: Java(TM) SE Runtime Environment (8.0_60-b27) (build 1.8.0_60-b27)
# Java VM: Java HotSpot(TM) 64-Bit Server VM (25.60-b23 mixed mode windows-amd64 compressed oops)
# Failed to write core dump. Minidumps are not enabled by default on client versions of Windows
#

---------------  T H R E A D  ---------------

Current thread (0x0000000014e31000):  JavaThread "C2 CompilerThread1" daemon [_thread_in_native, id=5088, stack(0x00000000164a0000,0x00000000165a0000)]

Stack: [0x00000000164a0000,0x00000000165a0000]
[error occurred during error reporting (printing stack bounds), id 0xc0000005]

Native frames: (J=compiled Java code, j=interpreted, Vv=VM code, C=native code)


Current CompileTask:
C2:  11959 1726   !   4       com.android.dx.cf.cst.ConstantPoolParser::parse0 (731 bytes)


---------------  P R O C E S S  ---------------

Java Threads: ( => current thread )
  0x0000000016951000 JavaThread "pool-1-thread-4" [_thread_blocked, id=13992, stack(0x00000000170a0000,0x00000000171a0000)]
  0x000000001694b000 JavaThread "pool-1-thread-3" [_thread_in_Java, id=2252, stack(0x0000000016fa0000,0x00000000170a0000)]
  0x000000001694a800 JavaThread "pool-1-thread-2" [_thread_in_Java, id=15352, stack(0x0000000016ea0000,0x0000000016fa0000)]
  0x000000001693f000 JavaThread "pool-2-thread-1" [_thread_blocked, id=8508, stack(0x0000000016da0000,0x0000000016ea0000)]
  0x000000001693e000 JavaThread "pool-1-thread-1" [_thread_blocked, id=5916, stack(0x0000000016ca0000,0x0000000016da0000)]
  0x00000000166b6000 JavaThread "Service Thread" daemon [_thread_blocked, id=12376, stack(0x0000000016aa0000,0x0000000016ba0000)]
  0x0000000014e38000 JavaThread "C1 CompilerThread2" daemon [_thread_blocked, id=15292, stack(0x00000000165a0000,0x00000000166a0000)]
=>0x0000000014e31000 JavaThread "C2 CompilerThread1" daemon [_thread_in_native, id=5088, stack(0x00000000164a0000,0x00000000165a0000)]
  0x0000000014e2b800 JavaThread "C2 CompilerThread0" daemon [_thread_in_native, id=15988, stack(0x00000000163a0000,0x00000000164a0000)]
  0x0000000014e29800 JavaThread "Attach Listener" daemon [_thread_blocked, id=5504, stack(0x00000000162a0000,0x00000000163a0000)]
  0x0000000014e28000 JavaThread "Signal Dispatcher" daemon [_thread_blocked, id=12776, stack(0x00000000161a0000,0x00000000162a0000)]
  0x0000000002756800 JavaThread "Finalizer" daemon [_thread_blocked, id=16080, stack(0x00000000160a0000,0x00000000161a0000)]
  0x000000000274e000 JavaThread "Reference Handler" daemon [_thread_blocked, id=13800, stack(0x0000000015fa0000,0x00000000160a0000)]
  0x000000000245d800 JavaThread "main" [_thread_blocked, id=13524, stack(0x0000000002560000,0x0000000002660000)]

Other Threads:
  0x0000000014df7800 VMThread [stack: 0x0000000015ea0000,0x0000000015fa0000] [id=5988]
  0x00000000166bb800 WatcherThread [stack: 0x0000000016ba0000,0x0000000016ca0000] [id=7624]

VM state:not at safepoint (normal execution)

VM Mutex/Monitor currently owned by a thread: None

Heap:
 PSYoungGen      total 68096K, used 22074K [0x00000000eab00000, 0x00000000ef000000, 0x0000000100000000)
  eden space 65536K, 29% used [0x00000000eab00000,0x00000000ebe12b80,0x00000000eeb00000)
  from space 2560K, 99% used [0x00000000eed80000,0x00000000eeffbe58,0x00000000ef000000)
  to   space 2560K, 0% used [0x00000000eeb00000,0x00000000eeb00000,0x00000000eed80000)
 ParOldGen       total 44032K, used 13570K [0x00000000c0000000, 0x00000000c2b00000, 0x00000000eab00000)
  object space 44032K, 30% used [0x00000000c0000000,0x00000000c0d40860,0x00000000c2b00000)
 Metaspace       used 6263K, capacity 7088K, committed 7296K, reserved 1056768K
  class space    used 603K, capacity 616K, committed 640K, reserved 1048576K

Card table byte_map: [0x0000000011b20000,0x0000000011d30000] byte_map_base: 0x0000000011520000

Marking Bits: (ParMarkBitMap*) 0x000000005b3fa5b0
 Begin Bits: [0x0000000012290000, 0x0000000013290000)
 End Bits:   [0x0000000013290000, 0x0000000014290000)

Polling page: 0x00000000023c0000

CodeCache: size=245760Kb used=7752Kb max_used=7752Kb free=238007Kb
 bounds [0x0000000002760000, 0x0000000002f00000, 0x0000000011760000]
 total_blobs=2033 nmethods=1763 adapters=182
 compilation: enabled

Compilation events (10 events):
Event: 11.618 Thread 0x0000000014e38000 1799       2       java.util.ArrayDeque::add (7 bytes)
Event: 11.618 Thread 0x0000000014e38000 nmethod 1799 0x0000000002ef5510 code [0x0000000002ef5680, 0x0000000002ef57e8]
Event: 11.618 Thread 0x0000000014e38000 1800       2       java.util.ArrayDeque::addLast (53 bytes)
Event: 11.618 Thread 0x0000000014e38000 nmethod 1800 0x0000000002ef5890 code [0x0000000002ef5a20, 0x0000000002ef5cd8]
Event: 11.618 Thread 0x0000000014e38000 1801   !   2       java.util.zip.ZipFile::getInflater (56 bytes)
Event: 11.619 Thread 0x0000000014e38000 nmethod 1801 0x0000000002ef5e90 code [0x0000000002ef6040, 0x0000000002ef6798]
Event: 11.619 Thread 0x0000000014e38000 1802       2       java.util.zip.InflaterInputStream::<init> (79 bytes)
Event: 11.620 Thread 0x0000000014e38000 nmethod 1802 0x0000000002ef6bd0 code [0x0000000002ef6d60, 0x0000000002ef7258]
Event: 11.620 Thread 0x0000000014e38000 1803       1       java.util.zip.ZStreamRef::address (5 bytes)
Event: 11.620 Thread 0x0000000014e38000 nmethod 1803 0x0000000002ef7450 code [0x0000000002ef75a0, 0x0000000002ef76b0]

GC Heap History (8 events):
Event: 3.021 GC heap before
{Heap before GC invocations=1 (full 0):
 PSYoungGen      total 18944K, used 16384K [0x00000000eab00000, 0x00000000ec000000, 0x0000000100000000)
  eden space 16384K, 100% used [0x00000000eab00000,0x00000000ebb00000,0x00000000ebb00000)
  from space 2560K, 0% used [0x00000000ebd80000,0x00000000ebd80000,0x00000000ec000000)
  to   space 2560K, 0% used [0x00000000ebb00000,0x00000000ebb00000,0x00000000ebd80000)
 ParOldGen       total 44032K, used 0K [0x00000000c0000000, 0x00000000c2b00000, 0x00000000eab00000)
  object space 44032K, 0% used [0x00000000c0000000,0x00000000c0000000,0x00000000c2b00000)
 Metaspace       used 5752K, capacity 6704K, committed 6784K, reserved 1056768K
  class space    used 598K, capacity 616K, committed 640K, reserved 1048576K
Event: 3.345 GC heap after
Heap after GC invocations=1 (full 0):
 PSYoungGen      total 18944K, used 2538K [0x00000000eab00000, 0x00000000ed000000, 0x0000000100000000)
  eden space 16384K, 0% used [0x00000000eab00000,0x00000000eab00000,0x00000000ebb00000)
  from space 2560K, 99% used [0x00000000ebb00000,0x00000000ebd7aaa8,0x00000000ebd80000)
  to   space 2560K, 0% used [0x00000000ecd80000,0x00000000ecd80000,0x00000000ed000000)
 ParOldGen       total 44032K, used 1419K [0x00000000c0000000, 0x00000000c2b00000, 0x00000000eab00000)
  object space 44032K, 3% used [0x00000000c0000000,0x00000000c0162e70,0x00000000c2b00000)
 Metaspace       used 5752K, capacity 6704K, committed 6784K, reserved 1056768K
  class space    used 598K, capacity 616K, committed 640K, reserved 1048576K
}
Event: 4.327 GC heap before
{Heap before GC invocations=2 (full 0):
 PSYoungGen      total 18944K, used 18922K [0x00000000eab00000, 0x00000000ed000000, 0x0000000100000000)
  eden space 16384K, 100% used [0x00000000eab00000,0x00000000ebb00000,0x00000000ebb00000)
  from space 2560K, 99% used [0x00000000ebb00000,0x00000000ebd7aaa8,0x00000000ebd80000)
  to   space 2560K, 0% used [0x00000000ecd80000,0x00000000ecd80000,0x00000000ed000000)
 ParOldGen       total 44032K, used 1419K [0x00000000c0000000, 0x00000000c2b00000, 0x00000000eab00000)
  object space 44032K, 3% used [0x00000000c0000000,0x00000000c0162e70,0x00000000c2b00000)
 Metaspace       used 5975K, capacity 6896K, committed 7040K, reserved 1056768K
  class space    used 603K, capacity 616K, committed 640K, reserved 1048576K
Event: 5.375 GC heap after
Heap after GC invocations=2 (full 0):
 PSYoungGen      total 35328K, used 2544K [0x00000000eab00000, 0x00000000ed000000, 0x0000000100000000)
  eden space 32768K, 0% used [0x00000000eab00000,0x00000000eab00000,0x00000000ecb00000)
  from space 2560K, 99% used [0x00000000ecd80000,0x00000000ecffc038,0x00000000ed000000)
  to   space 2560K, 0% used [0x00000000ecb00000,0x00000000ecb00000,0x00000000ecd80000)
 ParOldGen       total 44032K, used 3538K [0x00000000c0000000, 0x00000000c2b00000, 0x00000000eab00000)
  object space 44032K, 8% used [0x00000000c0000000,0x00000000c0374a00,0x00000000c2b00000)
 Metaspace       used 5975K, capacity 6896K, committed 7040K, reserved 1056768K
  class space    used 603K, capacity 616K, committed 640K, reserved 1048576K
}
Event: 7.412 GC heap before
{Heap before GC invocations=3 (full 0):
 PSYoungGen      total 35328K, used 35312K [0x00000000eab00000, 0x00000000ed000000, 0x0000000100000000)
  eden space 32768K, 100% used [0x00000000eab00000,0x00000000ecb00000,0x00000000ecb00000)
  from space 2560K, 99% used [0x00000000ecd80000,0x00000000ecffc038,0x00000000ed000000)
  to   space 2560K, 0% used [0x00000000ecb00000,0x00000000ecb00000,0x00000000ecd80000)
 ParOldGen       total 44032K, used 3538K [0x00000000c0000000, 0x00000000c2b00000, 0x00000000eab00000)
  object space 44032K, 8% used [0x00000000c0000000,0x00000000c0374a00,0x00000000c2b00000)
 Metaspace       used 6183K, capacity 7088K, committed 7296K, reserved 1056768K
  class space    used 603K, capacity 616K, committed 640K, reserved 1048576K
Event: 8.028 GC heap after
Heap after GC invocations=3 (full 0):
 PSYoungGen      total 35328K, used 2553K [0x00000000eab00000, 0x00000000ef000000, 0x0000000100000000)
  eden space 32768K, 0% used [0x00000000eab00000,0x00000000eab00000,0x00000000ecb00000)
  from space 2560K, 99% used [0x00000000ecb00000,0x00000000ecd7e430,0x00000000ecd80000)
  to   space 2560K, 0% used [0x00000000eed80000,0x00000000eed80000,0x00000000ef000000)
 ParOldGen       total 44032K, used 8637K [0x00000000c0000000, 0x00000000c2b00000, 0x00000000eab00000)
  object space 44032K, 19% used [0x00000000c0000000,0x00000000c086f6f0,0x00000000c2b00000)
 Metaspace       used 6183K, capacity 7088K, committed 7296K, reserved 1056768K
  class space    used 603K, capacity 616K, committed 640K, reserved 1048576K
}
Event: 10.832 GC heap before
{Heap before GC invocations=4 (full 0):
 PSYoungGen      total 35328K, used 35321K [0x00000000eab00000, 0x00000000ef000000, 0x0000000100000000)
  eden space 32768K, 100% used [0x00000000eab00000,0x00000000ecb00000,0x00000000ecb00000)
  from space 2560K, 99% used [0x00000000ecb00000,0x00000000ecd7e430,0x00000000ecd80000)
  to   space 2560K, 0% used [0x00000000eed80000,0x00000000eed80000,0x00000000ef000000)
 ParOldGen       total 44032K, used 8637K [0x00000000c0000000, 0x00000000c2b00000, 0x00000000eab00000)
  object space 44032K, 19% used [0x00000000c0000000,0x00000000c086f6f0,0x00000000c2b00000)
 Metaspace       used 6243K, capacity 7088K, committed 7296K, reserved 1056768K
  class space    used 603K, capacity 616K, committed 640K, reserved 1048576K
Event: 11.382 GC heap after
Heap after GC invocations=4 (full 0):
 PSYoungGen      total 68096K, used 2543K [0x00000000eab00000, 0x00000000ef000000, 0x0000000100000000)
  eden space 65536K, 0% used [0x00000000eab00000,0x00000000eab00000,0x00000000eeb00000)
  from space 2560K, 99% used [0x00000000eed80000,0x00000000eeffbe58,0x00000000ef000000)
  to   space 2560K, 0% used [0x00000000eeb00000,0x00000000eeb00000,0x00000000eed80000)
 ParOldGen       total 44032K, used 13570K [0x00000000c0000000, 0x00000000c2b00000, 0x00000000eab00000)
  object space 44032K, 30% used [0x00000000c0000000,0x00000000c0d40860,0x00000000c2b00000)
 Metaspace       used 6243K, capacity 7088K, committed 7296K, reserved 1056768K
  class space    used 603K, capacity 616K, committed 640K, reserved 1048576K
}

Deoptimization events (10 events):
Event: 6.512 Thread 0x000000001694b000 Uncommon trap: reason=bimorphic action=maybe_recompile pc=0x0000000002d66c98 method=com.android.dx.cf.code.BytecodeArray.parseInstruction(ILcom/android/dx/cf/code/BytecodeArray$Visitor;)I @ 955
Event: 6.512 Thread 0x0000000016951000 Uncommon trap: reason=unstable_if action=reinterpret pc=0x0000000002c722b4 method=com.android.dx.ssa.LiteralOpUpgrader$1.visitNonMoveInsn(Lcom/android/dx/ssa/NormalSsaInsn;)V @ 176
Event: 6.512 Thread 0x000000001694b000 Uncommon trap: reason=bimorphic action=maybe_recompile pc=0x0000000002d66c98 method=com.android.dx.cf.code.BytecodeArray.parseInstruction(ILcom/android/dx/cf/code/BytecodeArray$Visitor;)I @ 955
Event: 8.369 Thread 0x000000001693e000 Uncommon trap: reason=null_check action=make_not_entrant pc=0x0000000002a64eb4 method=com.android.dx.ssa.SsaRenamer.getLocalForNewReg(I)Lcom/android/dx/rop/code/LocalItem; @ 19
Event: 8.420 Thread 0x0000000016951000 Uncommon trap: reason=unstable_if action=reinterpret pc=0x0000000002c33404 method=com.android.dx.ssa.SCCP.simulateStmt(Lcom/android/dx/ssa/SsaInsn;)V @ 59
Event: 9.503 Thread 0x000000001693e000 Uncommon trap: reason=bimorphic action=maybe_recompile pc=0x0000000002e5714c method=com.android.dx.cf.code.BytecodeArray.parseInstruction(ILcom/android/dx/cf/code/BytecodeArray$Visitor;)I @ 1597
Event: 9.505 Thread 0x000000001693e000 Uncommon trap: reason=bimorphic action=maybe_recompile pc=0x0000000002e5714c method=com.android.dx.cf.code.BytecodeArray.parseInstruction(ILcom/android/dx/cf/code/BytecodeArray$Visitor;)I @ 1597
Event: 10.710 Thread 0x000000001694a800 Uncommon trap: reason=bimorphic action=maybe_recompile pc=0x0000000002ca3868 method=com.android.dx.ssa.LiteralOpUpgrader.tryReplacingWithConstant(Lcom/android/dx/ssa/NormalSsaInsn;)Z @ 52
Event: 10.710 Thread 0x000000001694a800 Uncommon trap: reason=bimorphic action=maybe_recompile pc=0x0000000002ca3868 method=com.android.dx.ssa.LiteralOpUpgrader.tryReplacingWithConstant(Lcom/android/dx/ssa/NormalSsaInsn;)Z @ 52
Event: 10.710 Thread 0x000000001694a800 Uncommon trap: reason=bimorphic action=maybe_recompile pc=0x0000000002ca3868 method=com.android.dx.ssa.LiteralOpUpgrader.tryReplacingWithConstant(Lcom/android/dx/ssa/NormalSsaInsn;)Z @ 52

Internal exceptions (4 events):
Event: 0.082 Thread 0x000000000245d800 Exception <a 'java/lang/NoSuchMethodError': Method sun.misc.Unsafe.defineClass(Ljava/lang/String;[BII)Ljava/lang/Class; name or signature does not match> (0x00000000eab0da18) thrown at [C:\re\workspace\8-2-build-windows-amd64-cygwin\jdk8u60\4407\hotspot\sr˝πù) µ?
Event: 0.082 Thread 0x000000000245d800 Exception <a 'java/lang/NoSuchMethodError': Method sun.misc.Unsafe.prefetchRead(Ljava/lang/Object;J)V name or signature does not match> (0x00000000eab0dd00) thrown at [C:\re\workspace\8-2-build-windows-amd64-cygwin\jdk8u60\4407\hotspot\src\share\vm\prims\je±_f@
Event: 4.268 Thread 0x0000000016951000 Implicit null exception at 0x0000000002b1d6e2 to 0x0000000002b1d7da
Event: 8.369 Thread 0x000000001693e000 Implicit null exception at 0x0000000002a63513 to 0x0000000002a64e69

Events (10 events):
Event: 10.710 Thread 0x000000001694a800 Uncommon trap: trap_request=0xffffffc6 fr.pc=0x0000000002ca3868
Event: 10.710 Thread 0x000000001694a800 DEOPT PACKING pc=0x0000000002ca3868 sp=0x0000000016f9e770
Event: 10.710 Thread 0x000000001694a800 DEOPT UNPACKING pc=0x00000000027a582a sp=0x0000000016f9e700 mode 2
Event: 10.710 Thread 0x000000001694a800 Uncommon trap: trap_request=0xffffffc6 fr.pc=0x0000000002ca3868
Event: 10.710 Thread 0x000000001694a800 DEOPT PACKING pc=0x0000000002ca3868 sp=0x0000000016f9e770
Event: 10.710 Thread 0x000000001694a800 DEOPT UNPACKING pc=0x00000000027a582a sp=0x0000000016f9e700 mode 2
Event: 10.832 Executing VM operation: ParallelGCFailedAllocation
Event: 11.382 Executing VM operation: ParallelGCFailedAllocation done
Event: 11.535 Thread 0x000000000245d800 DEOPT PACKING pc=0x0000000002e25ee1 sp=0x000000000265e810
Event: 11.535 Thread 0x000000000245d800 DEOPT UNPACKING pc=0x00000000027a787f sp=0x000000000265e5d0 mode 0


Dynamic libraries:
0x00007ff7567f0000 - 0x00007ff756827000 	C:\Program Files\Java\jdk1.8.0_60\bin\java.exe
0x00007ffbd1520000 - 0x00007ffbd16e1000 	C:\WINDOWS\SYSTEM32\ntdll.dll
0x00007ffbd1150000 - 0x00007ffbd11fd000 	C:\WINDOWS\system32\KERNEL32.DLL
0x00007ffbce840000 - 0x00007ffbcea1d000 	C:\WINDOWS\system32\KERNELBASE.dll
0x00007ffbd0d90000 - 0x00007ffbd0e36000 	C:\WINDOWS\system32\ADVAPI32.dll
0x00007ffbd1350000 - 0x00007ffbd13ed000 	C:\WINDOWS\system32\msvcrt.dll
0x00007ffbcec70000 - 0x00007ffbceccb000 	C:\WINDOWS\system32\sechost.dll
0x00007ffbd13f0000 - 0x00007ffbd1516000 	C:\WINDOWS\system32\RPCRT4.dll
0x00007ffbd0e40000 - 0x00007ffbd0f8e000 	C:\WINDOWS\system32\USER32.dll
0x00007ffbcf300000 - 0x00007ffbcf486000 	C:\WINDOWS\system32\GDI32.dll
0x00007ffbc1d70000 - 0x00007ffbc1fe4000 	C:\WINDOWS\WinSxS\amd64_microsoft.windows.common-controls_6595b64144ccf1df_6.0.10240.16384_none_f41f7b285750ef43\COMCTL32.dll
0x00007ffbd0aa0000 - 0x00007ffbd0ad6000 	C:\WINDOWS\system32\IMM32.DLL
0x00007ffbd0f90000 - 0x00007ffbd10ec000 	C:\WINDOWS\system32\MSCTF.dll
0x000000005a830000 - 0x000000005a902000 	C:\Program Files\Java\jdk1.8.0_60\jre\bin\msvcr100.dll
0x000000005abf0000 - 0x000000005b479000 	C:\Program Files\Java\jdk1.8.0_60\jre\bin\server\jvm.dll
0x00007ffbd0d80000 - 0x00007ffbd0d88000 	C:\WINDOWS\system32\PSAPI.DLL
0x00007ffbbe8a0000 - 0x00007ffbbe8a9000 	C:\WINDOWS\SYSTEM32\WSOCK32.dll
0x00007ffbc3160000 - 0x00007ffbc316a000 	C:\WINDOWS\SYSTEM32\VERSION.dll
0x00007ffbd0ae0000 - 0x00007ffbd0b49000 	C:\WINDOWS\system32\WS2_32.dll
0x00007ffbcf1c0000 - 0x00007ffbcf1c8000 	C:\WINDOWS\system32\NSI.dll
0x00007ffbcc3e0000 - 0x00007ffbcc403000 	C:\WINDOWS\SYSTEM32\WINMM.dll
0x00007ffbcc3b0000 - 0x00007ffbcc3dc000 	C:\WINDOWS\SYSTEM32\WINMMBASE.dll
0x00007ffbce790000 - 0x00007ffbce7d4000 	C:\WINDOWS\system32\cfgmgr32.dll
0x00007ffbcc8e0000 - 0x00007ffbcc907000 	C:\WINDOWS\SYSTEM32\DEVOBJ.dll
0x000000005bd30000 - 0x000000005bd3f000 	C:\Program Files\Java\jdk1.8.0_60\jre\bin\verify.dll
0x000000005bd00000 - 0x000000005bd29000 	C:\Program Files\Java\jdk1.8.0_60\jre\bin\java.dll
0x000000005bce0000 - 0x000000005bcf6000 	C:\Program Files\Java\jdk1.8.0_60\jre\bin\zip.dll
0x00007ffbcf570000 - 0x00007ffbd0a92000 	C:\WINDOWS\system32\SHELL32.dll
0x00007ffbce0b0000 - 0x00007ffbce6d8000 	C:\WINDOWS\system32\windows.storage.dll
0x00007ffbced90000 - 0x00007ffbcf00c000 	C:\WINDOWS\system32\combase.dll
0x00007ffbd10f0000 - 0x00007ffbd1141000 	C:\WINDOWS\system32\shlwapi.dll
0x00007ffbcdfe0000 - 0x00007ffbcdfef000 	C:\WINDOWS\system32\kernel.appcore.dll
0x00007ffbcdff0000 - 0x00007ffbce0a3000 	C:\WINDOWS\system32\shcore.dll
0x00007ffbcdf50000 - 0x00007ffbcdf9a000 	C:\WINDOWS\system32\powrprof.dll
0x00007ffbcdfa0000 - 0x00007ffbcdfb3000 	C:\WINDOWS\system32\profapi.dll

VM Arguments:
jvm_args: -Djava.awt.headless=true -Xmx1024M -Dfile.encoding=windows-1252 -Duser.country=US -Duser.language=en -Duser.variant 
java_command: com.android.dx.command.Main --dex --num-threads=4 --output C:\Users\Harry\Documents\GitHub\Sunshine\app\build\intermediates\pre-dexed\debug\com.android.support-design-23.1.1_740dae5dc4a1d1d146289e4491c197fba8ce2257.jar C:\Users\Harry\Documents\GitHub\Sunshine\app\build\intermediates\exploded-aar\com.android.support\design\23.1.1\jars\classes.jar
java_class_path (initial): C:\Users\Harry\AppData\Local\Android\sdk\build-tools\23.0.2\lib\dx.jar
Launcher Type: SUN_STANDARD

Environment Variables:
PATH=C:\Program Files (x86)\Razer Chroma SDK\bin;C:\Program Files\Razer Chroma SDK\bin;C:\ProgramData\Oracle\Java\javapath;C:\Program Files (x86)\NVIDIA Corporation\PhysX\Common;C:\Program Files (x86)\Intel\iCLS Client\;C:\Program Files\Intel\iCLS Client\;C:\WINDOWS\system32;C:\WINDOWS;C:\WINDOWS\System32\Wbem;C:\WINDOWS\System32\WindowsPowerShell\v1.0\;C:\Program Files (x86)\Intel\OpenCL SDK\3.0\bin\x86;C:\Program Files (x86)\Intel\OpenCL SDK\3.0\bin\x64;C:\Program Files\Intel\Intel(R) Management Engine Components\DAL;C:\Program Files\Intel\Intel(R) Management Engine Components\IPT;C:\Program Files (x86)\Intel\Intel(R) Management Engine Components\DAL;C:\Program Files (x86)\Intel\Intel(R) Management Engine Components\IPT;C:\Program Files\Sony\VAIO Improvement;C:\Program Files (x86)\Sony\VAIO BIOS Data Transfer Utility\;C:\Program Files (x86)\Sony\VAIO Startup Setting Tool;C:\Program Files (x86)\Windows Live\Shared;C:\Program Files\Intel\WiFi\bin\;C:\Program Files\Common Files\Intel\WirelessCommon\;C:\Program Files (x86)\PharosSystems\Core;c:\Program Files (x86)\Microsoft SQL Server\110\Tools\Binn\;c:\Program Files\Microsoft SQL Server\110\Tools\Binn\;c:\Program Files\Microsoft SQL Server\110\DTS\Binn\;C:\Program Files\nodejs\;C:\Program Files\Microsoft SQL Server\120\Tools\Binn\;C:\Program Files (x86)\Windows Kits\10\Windows Performance Toolkit\;C:\Program Files (x86)\Skype\Phone\;C:\Users\Harry\AppData\Roaming\npm;C:\Program Files\Intel\WiFi\bin\;C:\Program Files\Common Files\Intel\WirelessCommon\;C:\Users\Harry\AppData\Roaming\npm
USERNAME=Harry
OS=Windows_NT
PROCESSOR_IDENTIFIER=Intel64 Family 6 Model 69 Stepping 1, GenuineIntel



---------------  S Y S T E M  ---------------

OS: Windows 10.0 , 64 bit Build 10240 (10.0.10240.16384)

CPU:total 4 (2 cores per cpu, 2 threads per core) family 6 model 69 stepping 1, cmov, cx8, fxsr, mmx, sse, sse2, sse3, ssse3, sse4.1, sse4.2, popcnt, avx, avx2, aes, clmul, erms, lzcnt, ht, tsc, tscinvbit, bmi1, bmi2

Memory: 4k page, physical 4098948k(305432k free), swap 8270264k(10612k free)

vm_info: Java HotSpot(TM) 64-Bit Server VM (25.60-b23) for windows-amd64 JRE (1.8.0_60-b27), built on Aug  4 2015 11:06:27 by "java_re" with MS VC++ 10.0 (VS2010)

time: Mon Feb 08 13:32:36 2016
elapsed time: 11 seconds (0d 0h 0m 11s)

